#
# There is insufficient memory for the Java Runtime Environment to continue.
# Native memory allocation (mmap) failed to map 178257920 bytes for Failed to commit area from 0x000000008b900000 to 0x0000000096300000 of length 178257920.
# Possible reasons:
#   The system is out of physical RAM or swap space
#   The process is running with CompressedOops enabled, and the Java Heap may be blocking the growth of the native heap
# Possible solutions:
#   Reduce memory load on the system
#   Increase physical memory or swap space
#   Check if swap backing store is full
#   Decrease Java heap size (-Xmx/-Xms)
#   Decrease number of Java threads
#   Decrease Java thread stack sizes (-Xss)
#   Set larger code cache with -XX:ReservedCodeCacheSize=
#   JVM is running with Unscaled Compressed Oops mode in which the Java heap is
#     placed in the first 4GB address space. The Java Heap base address is the
#     maximum limit for the native heap growth. Please use -XX:HeapBaseMinAddress
#     to set the Java Heap base and to place the Java Heap above 4GB virtual address.
# This output file may be truncated or incomplete.
#
#  Out of Memory Error (./src/hotspot/os/windows/os_windows.cpp:3301), pid=5452, tid=11116
#
# JRE version: OpenJDK Runtime Environment (11.0.10) (build 11.0.10+0-b96-7249189)
# Java VM: OpenJDK 64-Bit Server VM (11.0.10+0-b96-7249189, mixed mode, tiered, compressed oops, g1 gc, windows-amd64)
# No core dump will be written. Minidumps are not enabled by default on client versions of Windows
#

---------------  S U M M A R Y ------------

Command Line: --add-opens=java.base/java.util=ALL-UNNAMED --add-opens=java.base/java.lang=ALL-UNNAMED --add-opens=java.base/java.lang.invoke=ALL-UNNAMED --add-opens=java.base/java.util=ALL-UNNAMED --add-opens=java.prefs/java.util.prefs=ALL-UNNAMED --add-opens=java.prefs/java.util.prefs=ALL-UNNAMED --add-opens=java.base/java.nio.charset=ALL-UNNAMED --add-opens=java.base/java.net=ALL-UNNAMED --add-opens=java.base/java.util.concurrent.atomic=ALL-UNNAMED -Xmx2048m -Dfile.encoding=UTF-8 -Duser.country=RU -Duser.language=ru -Duser.variant org.gradle.launcher.daemon.bootstrap.GradleDaemon 7.0.2

Host: AMD FX-8320E Eight-Core Processor              , 8 cores, 7G,  Windows 10 , 64 bit Build 19041 (10.0.19041.1348)
Time: Wed Nov 17 10:18:22 2021 Астраханское стандартное время elapsed time: 40.979731 seconds (0d 0h 0m 40s)

---------------  T H R E A D  ---------------

Current thread (0x00000204327df800):  VMThread "VM Thread" [stack: 0x000000814f600000,0x000000814f700000] [id=11116]

Stack: [0x000000814f600000,0x000000814f700000]
[error occurred during error reporting (printing stack bounds), id 0xc0000005, EXCEPTION_ACCESS_VIOLATION (0xc0000005) at pc=0x000002041b6a0f2d]

Native frames: (J=compiled Java code, j=interpreted, Vv=VM code, C=native code)
V  [jvm.dll+0x5ecfaa]
V  [jvm.dll+0x722bd5]
V  [jvm.dll+0x72412d]
V  [jvm.dll+0x724745]
V  [jvm.dll+0x7246fb]
V  [jvm.dll+0x5ec348]
V  [jvm.dll+0x5ecad8]
C  [ntdll.dll+0xa20cf]
C  [ntdll.dll+0x51454]
C  [ntdll.dll+0xa0bfe]
C  0x000002041b6a0f2d

VM_Operation (0x00000081546fd150): G1CollectForAllocation, mode: safepoint, requested by thread 0x0000020433263000


---------------  P R O C E S S  ---------------

Threads class SMR info:
_java_thread_list=0x0000020436ffc330, length=73, elements={
0x00000204163e0800, 0x00000204327e3800, 0x00000204327e7000, 0x0000020432800000,
0x0000020432802000, 0x0000020432803000, 0x000002043280f000, 0x0000020432813800,
0x000002043281b000, 0x00000204332df800, 0x00000204332de000, 0x00000204332de800,
0x00000204332e0800, 0x00000204332dc800, 0x00000204332dd000, 0x00000204332e1000,
0x00000204332e2000, 0x00000204332e3000, 0x0000020435242800, 0x000002043523e800,
0x0000020435240000, 0x0000020435242000, 0x0000020435241000, 0x000002043523d800,
0x0000020435243800, 0x0000020435244000, 0x0000020435245000, 0x000002043523f800,
0x000002043524a000, 0x0000020435246000, 0x0000020435248800, 0x000002043524b000,
0x000002043524b800, 0x0000020435246800, 0x000002043594e800, 0x0000020435952000,
0x000002043594f800, 0x0000020435951000, 0x0000020435950000, 0x0000020435952800,
0x000002043594d000, 0x000002043594d800, 0x0000020435958800, 0x0000020435955000,
0x0000020435956000, 0x0000020435956800, 0x0000020435957800, 0x0000020435959000,
0x0000020435953800, 0x000002043595a000, 0x000002043595b800, 0x0000020433256000,
0x0000020433257000, 0x000002043325c800, 0x000002043325d800, 0x0000020433257800,
0x000002043325c000, 0x000002043325b000, 0x000002043325a000, 0x0000020433258800,
0x0000020433265000, 0x0000020433260800, 0x0000020433262800, 0x0000020433263000,
0x00000204394a0800, 0x00000204394a3000, 0x000002043949f000, 0x00000204394a0000,
0x00000204394a4000, 0x00000204394a1800, 0x000002043949e000, 0x00000204394a9800,
0x00000204394a9000
}

Java Threads: ( => current thread )
  0x00000204163e0800 JavaThread "main" [_thread_blocked, id=1396, stack(0x000000814f000000,0x000000814f100000)]
  0x00000204327e3800 JavaThread "Reference Handler" daemon [_thread_blocked, id=10348, stack(0x000000814f700000,0x000000814f800000)]
  0x00000204327e7000 JavaThread "Finalizer" daemon [_thread_blocked, id=8948, stack(0x000000814f800000,0x000000814f900000)]
  0x0000020432800000 JavaThread "Signal Dispatcher" daemon [_thread_blocked, id=10976, stack(0x000000814f900000,0x000000814fa00000)]
  0x0000020432802000 JavaThread "Attach Listener" daemon [_thread_blocked, id=9904, stack(0x000000814fa00000,0x000000814fb00000)]
  0x0000020432803000 JavaThread "Service Thread" daemon [_thread_blocked, id=7460, stack(0x000000814fb00000,0x000000814fc00000)]
  0x000002043280f000 JavaThread "C2 CompilerThread0" daemon [_thread_blocked, id=4420, stack(0x000000814fc00000,0x000000814fd00000)]
  0x0000020432813800 JavaThread "C1 CompilerThread0" daemon [_thread_blocked, id=5460, stack(0x000000814fd00000,0x000000814fe00000)]
  0x000002043281b000 JavaThread "Sweeper thread" daemon [_thread_blocked, id=13648, stack(0x000000814fe00000,0x000000814ff00000)]
  0x00000204332df800 JavaThread "Common-Cleaner" daemon [_thread_blocked, id=10164, stack(0x000000814ff00000,0x0000008150000000)]
  0x00000204332de000 JavaThread "Daemon health stats" [_thread_blocked, id=4724, stack(0x0000008150400000,0x0000008150500000)]
  0x00000204332de800 JavaThread "Incoming local TCP Connector on port 7006" [_thread_in_native, id=10948, stack(0x0000008150100000,0x0000008150200000)]
  0x00000204332e0800 JavaThread "Daemon periodic checks" [_thread_blocked, id=12012, stack(0x0000008150500000,0x0000008150600000)]
  0x00000204332dc800 JavaThread "Daemon" [_thread_blocked, id=11092, stack(0x0000008150600000,0x0000008150700000)]
  0x00000204332dd000 JavaThread "Handler for socket connection from /127.0.0.1:7006 to /127.0.0.1:7007" [_thread_in_native, id=11224, stack(0x0000008150700000,0x0000008150800000)]
  0x00000204332e1000 JavaThread "Cancel handler" [_thread_blocked, id=12328, stack(0x0000008150800000,0x0000008150900000)]
  0x00000204332e2000 JavaThread "Daemon worker" [_thread_blocked, id=12768, stack(0x0000008150900000,0x0000008150a00000)]
  0x00000204332e3000 JavaThread "Asynchronous log dispatcher for DefaultDaemonConnection: socket connection from /127.0.0.1:7006 to /127.0.0.1:7007" [_thread_blocked, id=12360, stack(0x0000008150a00000,0x0000008150b00000)]
  0x0000020435242800 JavaThread "Stdin handler" [_thread_blocked, id=11680, stack(0x0000008150b00000,0x0000008150c00000)]
  0x000002043523e800 JavaThread "Daemon client event forwarder" [_thread_blocked, id=4780, stack(0x0000008150c00000,0x0000008150d00000)]
  0x0000020435240000 JavaThread "Cache worker for file hash cache (C:\Users\Vladislav\.gradle\caches\7.0.2\fileHashes)" [_thread_blocked, id=12848, stack(0x0000008151200000,0x0000008151300000)]
  0x0000020435242000 JavaThread "File lock request listener" [_thread_in_native, id=8200, stack(0x0000008151300000,0x0000008151400000)]
  0x0000020435241000 JavaThread "Cache worker for journal cache (C:\Users\Vladislav\.gradle\caches\journal-1)" [_thread_blocked, id=6996, stack(0x0000008151500000,0x0000008151600000)]
  0x000002043523d800 JavaThread "Cache worker for file hash cache (E:\Android Studio Labs\BodySum\.gradle\7.0.2\fileHashes)" [_thread_blocked, id=1480, stack(0x0000008151700000,0x0000008151800000)]
  0x0000020435243800 JavaThread "File watcher server" daemon [_thread_blocked, id=6332, stack(0x0000008151800000,0x0000008151900000)]
  0x0000020435244000 JavaThread "File watcher consumer" daemon [_thread_blocked, id=9804, stack(0x0000008151900000,0x0000008151a00000)]
  0x0000020435245000 JavaThread "Cache worker for checksums cache (E:\Android Studio Labs\BodySum\.gradle\checksums)" [_thread_blocked, id=8688, stack(0x0000008151600000,0x0000008151700000)]
  0x000002043523f800 JavaThread "Cache worker for cache directory md-supplier (C:\Users\Vladislav\.gradle\caches\7.0.2\md-supplier)" [_thread_blocked, id=11100, stack(0x0000008151a00000,0x0000008151b00000)]
  0x000002043524a000 JavaThread "Cache worker for cache directory md-rule (C:\Users\Vladislav\.gradle\caches\7.0.2\md-rule)" [_thread_blocked, id=3728, stack(0x0000008151c00000,0x0000008151d00000)]
  0x0000020435246000 JavaThread "Cache worker for execution history cache (C:\Users\Vladislav\.gradle\caches\7.0.2\executionHistory)" [_thread_blocked, id=5992, stack(0x0000008151d00000,0x0000008151e00000)]
  0x0000020435248800 JavaThread "jar transforms" [_thread_blocked, id=11580, stack(0x0000008151f00000,0x0000008152000000)]
  0x000002043524b000 JavaThread "jar transforms Thread 2" [_thread_blocked, id=1276, stack(0x0000008152000000,0x0000008152100000)]
  0x000002043524b800 JavaThread "Cache worker for file content cache (C:\Users\Vladislav\.gradle\caches\7.0.2\fileContent)" [_thread_blocked, id=1268, stack(0x0000008152100000,0x0000008152200000)]
  0x0000020435246800 JavaThread "Cache worker for dependencies-accessors (E:\Android Studio Labs\BodySum\.gradle\7.0.2\dependencies-accessors)" [_thread_blocked, id=6528, stack(0x0000008152200000,0x0000008152300000)]
  0x000002043594e800 JavaThread "jar transforms Thread 3" [_thread_blocked, id=10424, stack(0x0000008152300000,0x0000008152400000)]
  0x0000020435952000 JavaThread "Cache worker for Build Output Cleanup Cache (E:\Android Studio Labs\BodySum\.gradle\buildOutputCleanup)" [_thread_blocked, id=4828, stack(0x0000008152400000,0x0000008152500000)]
  0x000002043594f800 JavaThread "Build operations" [_thread_blocked, id=8068, stack(0x0000008151b00000,0x0000008151c00000)]
  0x0000020435951000 JavaThread "Build operations Thread 2" [_thread_blocked, id=2272, stack(0x0000008151e00000,0x0000008151f00000)]
  0x0000020435950000 JavaThread "Build operations Thread 3" [_thread_blocked, id=11404, stack(0x0000008152500000,0x0000008152600000)]
  0x0000020435952800 JavaThread "Build operations Thread 4" [_thread_blocked, id=13060, stack(0x0000008152600000,0x0000008152700000)]
  0x000002043594d000 JavaThread "Build operations Thread 5" [_thread_blocked, id=13500, stack(0x0000008152700000,0x0000008152800000)]
  0x000002043594d800 JavaThread "Build operations Thread 6" [_thread_blocked, id=3656, stack(0x0000008152800000,0x0000008152900000)]
  0x0000020435958800 JavaThread "Build operations Thread 7" [_thread_blocked, id=9768, stack(0x0000008152900000,0x0000008152a00000)]
  0x0000020435955000 JavaThread "Build operations Thread 8" [_thread_blocked, id=8456, stack(0x0000008152a00000,0x0000008152b00000)]
  0x0000020435956000 JavaThread "jar transforms Thread 4" [_thread_blocked, id=10616, stack(0x0000008152b00000,0x0000008152c00000)]
  0x0000020435956800 JavaThread "jar transforms Thread 5" [_thread_blocked, id=3764, stack(0x0000008152c00000,0x0000008152d00000)]
  0x0000020435957800 JavaThread "jar transforms Thread 6" [_thread_blocked, id=13512, stack(0x0000008152d00000,0x0000008152e00000)]
  0x0000020435959000 JavaThread "jar transforms Thread 7" [_thread_blocked, id=2972, stack(0x0000008152e00000,0x0000008152f00000)]
  0x0000020435953800 JavaThread "jar transforms Thread 8" [_thread_blocked, id=268, stack(0x0000008152f00000,0x0000008153000000)]
  0x000002043595a000 JavaThread "Memory manager" [_thread_blocked, id=2348, stack(0x0000008153100000,0x0000008153200000)]
  0x000002043595b800 JavaThread "build event listener" [_thread_blocked, id=2564, stack(0x0000008153300000,0x0000008153400000)]
  0x0000020433256000 JavaThread "Execution worker for ':'" [_thread_blocked, id=10564, stack(0x0000008153400000,0x0000008153500000)]
  0x0000020433257000 JavaThread "Execution worker for ':' Thread 2" [_thread_blocked, id=7320, stack(0x0000008153500000,0x0000008153600000)]
  0x000002043325c800 JavaThread "Execution worker for ':' Thread 3" [_thread_blocked, id=13344, stack(0x0000008153600000,0x0000008153700000)]
  0x000002043325d800 JavaThread "Execution worker for ':' Thread 4" [_thread_blocked, id=8316, stack(0x0000008153700000,0x0000008153800000)]
  0x0000020433257800 JavaThread "Execution worker for ':' Thread 5" [_thread_blocked, id=11968, stack(0x0000008153800000,0x0000008153900000)]
  0x000002043325c000 JavaThread "Execution worker for ':' Thread 6" [_thread_blocked, id=8980, stack(0x0000008153900000,0x0000008153a00000)]
  0x000002043325b000 JavaThread "Execution worker for ':' Thread 7" [_thread_blocked, id=13960, stack(0x0000008153a00000,0x0000008153b00000)]
  0x000002043325a000 JavaThread "Cache worker for execution history cache (E:\Android Studio Labs\BodySum\.gradle\7.0.2\executionHistory)" [_thread_blocked, id=2168, stack(0x0000008153b00000,0x0000008153c00000)]
  0x0000020433258800 JavaThread "Cache worker for Java compile cache (C:\Users\Vladislav\.gradle\caches\7.0.2\javaCompile)" [_thread_blocked, id=12432, stack(0x0000008153c00000,0x0000008153d00000)]
  0x0000020433265000 JavaThread "Cache worker for Java compile cache (E:\Android Studio Labs\BodySum\.gradle\7.0.2\javaCompile)" [_thread_blocked, id=2404, stack(0x0000008153d00000,0x0000008153e00000)]
  0x0000020433260800 JavaThread "C2 CompilerThread1" daemon [_thread_blocked, id=13444, stack(0x0000008154200000,0x0000008154300000)]
  0x0000020433262800 JavaThread "WorkerExecutor Queue Thread 6" [_thread_blocked, id=10360, stack(0x0000008154400000,0x0000008154500000)]
  0x0000020433263000 JavaThread "WorkerExecutor Queue Thread 8" [_thread_blocked, id=8744, stack(0x0000008154600000,0x0000008154700000)]
  0x00000204394a0800 JavaThread "C2 CompilerThread2" daemon [_thread_in_native, id=9892, stack(0x0000008154800000,0x0000008154900000)]
  0x00000204394a3000 JavaThread "ForkJoinPool-1-worker-3" daemon [_thread_blocked, id=11796, stack(0x0000008154900000,0x0000008154a00000)]
  0x000002043949f000 JavaThread "ForkJoinPool-1-worker-5" daemon [_thread_blocked, id=5136, stack(0x0000008154a00000,0x0000008154b00000)]
  0x00000204394a0000 JavaThread "ForkJoinPool-1-worker-7" daemon [_thread_blocked, id=13236, stack(0x0000008154b00000,0x0000008154c00000)]
  0x00000204394a4000 JavaThread "ForkJoinPool-1-worker-9" daemon [_thread_blocked, id=3368, stack(0x0000008154c00000,0x0000008154d00000)]
  0x00000204394a1800 JavaThread "ForkJoinPool-1-worker-11" daemon [_thread_blocked, id=11228, stack(0x0000008154d00000,0x0000008154e00000)]
  0x000002043949e000 JavaThread "ForkJoinPool-1-worker-13" daemon [_thread_blocked, id=10664, stack(0x0000008154e00000,0x0000008154f00000)]
  0x00000204394a9800 JavaThread "ForkJoinPool-1-worker-15" daemon [_thread_blocked, id=8540, stack(0x0000008154f00000,0x0000008155000000)]
  0x00000204394a9000 JavaThread "ForkJoinPool-1-worker-1" daemon [_thread_blocked, id=2192, stack(0x0000008155000000,0x0000008155100000)]

Other Threads:
=>0x00000204327df800 VMThread "VM Thread" [stack: 0x000000814f600000,0x000000814f700000] [id=11116]
  0x0000020433322800 WatcherThread [stack: 0x0000008150000000,0x0000008150100000] [id=11876]
  0x00000204163f7000 GCTaskThread "GC Thread#0" [stack: 0x000000814f100000,0x000000814f200000] [id=2520]
  0x0000020433e9b800 GCTaskThread "GC Thread#1" [stack: 0x0000008150200000,0x0000008150300000] [id=8324]
  0x0000020433f26800 GCTaskThread "GC Thread#2" [stack: 0x0000008150300000,0x0000008150400000] [id=13620]
  0x000002043531c000 GCTaskThread "GC Thread#3" [stack: 0x0000008150d00000,0x0000008150e00000] [id=11708]
  0x0000020434d0e800 GCTaskThread "GC Thread#4" [stack: 0x0000008150e00000,0x0000008150f00000] [id=10040]
  0x0000020434131800 GCTaskThread "GC Thread#5" [stack: 0x0000008150f00000,0x0000008151000000] [id=10132]
  0x00000204357c7800 GCTaskThread "GC Thread#6" [stack: 0x0000008151000000,0x0000008151100000] [id=10500]
  0x0000020434b37800 GCTaskThread "GC Thread#7" [stack: 0x0000008151100000,0x0000008151200000] [id=6740]
  0x000002041642a000 ConcurrentGCThread "G1 Main Marker" [stack: 0x000000814f200000,0x000000814f300000] [id=10660]
  0x000002041642d800 ConcurrentGCThread "G1 Conc#0" [stack: 0x000000814f300000,0x000000814f400000] [id=6312]
  0x00000204349c7800 ConcurrentGCThread "G1 Conc#1" [stack: 0x0000008151400000,0x0000008151500000] [id=13084]
  0x0000020432630800 ConcurrentGCThread "G1 Refine#0" [stack: 0x000000814f400000,0x000000814f500000] [id=1464]
  0x0000020432631000 ConcurrentGCThread "G1 Young RemSet Sampling" [stack: 0x000000814f500000,0x000000814f600000] [id=7100]

Threads with active compile tasks:
C2 CompilerThread0  41045 12911 %     4       com.android.tools.r8.graph.E::a @ 18 (275 bytes)
C2 CompilerThread1  41045 12923       4       com.android.tools.r8.graph.Z::a (132 bytes)
C2 CompilerThread2  41045 12862       4       com.android.tools.r8.code.J1::a (36 bytes)

VM state:at safepoint (normal execution)

VM Mutex/Monitor currently owned by a thread:  ([mutex/lock_event])
[0x00000204163de1c0] Threads_lock - owner thread: 0x00000204327df800
[0x00000204163ddb90] Heap_lock - owner thread: 0x0000020433263000

Heap address: 0x0000000080000000, size: 2048 MB, Compressed Oops mode: 32-bit
Narrow klass base: 0x0000000000000000, Narrow klass shift: 3
Compressed class space size: 1073741824 Address: 0x0000000100000000

Heap:
 garbage-first heap   total 363520K, used 148668K [0x0000000080000000, 0x0000000100000000)
  region size 1024K, 2 young (2048K), 2 survivors (2048K)
 Metaspace       used 101910K, capacity 104696K, committed 106368K, reserved 1140736K
  class space    used 13432K, capacity 14517K, committed 15232K, reserved 1048576K
Heap Regions: E=young(eden), S=young(survivor), O=old, HS=humongous(starts), HC=humongous(continues), CS=collection set, F=free, A=archive, TAMS=top-at-mark-start (previous, next)
|   0|0x0000000080000000, 0x0000000080100000, 0x0000000080100000|100%| O|  |TAMS 0x0000000080100000, 0x0000000080100000| Untracked 
|   1|0x0000000080100000, 0x0000000080200000, 0x0000000080200000|100%| O|  |TAMS 0x0000000080200000, 0x0000000080200000| Untracked 
|   2|0x0000000080200000, 0x0000000080300000, 0x0000000080300000|100%| O|  |TAMS 0x0000000080300000, 0x0000000080300000| Untracked 
|   3|0x0000000080300000, 0x0000000080400000, 0x0000000080400000|100%|HS|  |TAMS 0x0000000080400000, 0x0000000080400000| Complete 
|   4|0x0000000080400000, 0x0000000080500000, 0x0000000080500000|100%|HC|  |TAMS 0x0000000080500000, 0x0000000080500000| Complete 
|   5|0x0000000080500000, 0x0000000080600000, 0x0000000080600000|100%|HC|  |TAMS 0x0000000080600000, 0x0000000080600000| Complete 
|   6|0x0000000080600000, 0x0000000080700000, 0x0000000080700000|100%| O|  |TAMS 0x0000000080700000, 0x0000000080700000| Untracked 
|   7|0x0000000080700000, 0x0000000080800000, 0x0000000080800000|100%| O|  |TAMS 0x0000000080800000, 0x0000000080800000| Untracked 
|   8|0x0000000080800000, 0x0000000080900000, 0x0000000080900000|100%| O|  |TAMS 0x0000000080900000, 0x0000000080900000| Untracked 
|   9|0x0000000080900000, 0x0000000080a00000, 0x0000000080a00000|100%| O|  |TAMS 0x0000000080a00000, 0x0000000080a00000| Untracked 
|  10|0x0000000080a00000, 0x0000000080b00000, 0x0000000080b00000|100%| O|  |TAMS 0x0000000080b00000, 0x0000000080b00000| Untracked 
|  11|0x0000000080b00000, 0x0000000080c00000, 0x0000000080c00000|100%| O|  |TAMS 0x0000000080c00000, 0x0000000080c00000| Untracked 
|  12|0x0000000080c00000, 0x0000000080d00000, 0x0000000080d00000|100%| O|  |TAMS 0x0000000080d00000, 0x0000000080d00000| Untracked 
|  13|0x0000000080d00000, 0x0000000080e00000, 0x0000000080e00000|100%| O|  |TAMS 0x0000000080e00000, 0x0000000080e00000| Untracked 
|  14|0x0000000080e00000, 0x0000000080f00000, 0x0000000080f00000|100%| O|  |TAMS 0x0000000080f00000, 0x0000000080f00000| Untracked 
|  15|0x0000000080f00000, 0x0000000081000000, 0x0000000081000000|100%| O|  |TAMS 0x0000000081000000, 0x0000000081000000| Untracked 
|  16|0x0000000081000000, 0x0000000081100000, 0x0000000081100000|100%| O|  |TAMS 0x0000000081100000, 0x0000000081100000| Untracked 
|  17|0x0000000081100000, 0x0000000081200000, 0x0000000081200000|100%| O|  |TAMS 0x0000000081200000, 0x0000000081200000| Untracked 
|  18|0x0000000081200000, 0x0000000081300000, 0x0000000081300000|100%| O|  |TAMS 0x0000000081300000, 0x0000000081300000| Untracked 
|  19|0x0000000081300000, 0x0000000081400000, 0x0000000081400000|100%| O|  |TAMS 0x0000000081400000, 0x0000000081400000| Untracked 
|  20|0x0000000081400000, 0x0000000081500000, 0x0000000081500000|100%| O|  |TAMS 0x0000000081500000, 0x0000000081500000| Untracked 
|  21|0x0000000081500000, 0x0000000081600000, 0x0000000081600000|100%| O|  |TAMS 0x0000000081600000, 0x0000000081600000| Untracked 
|  22|0x0000000081600000, 0x0000000081700000, 0x0000000081700000|100%| O|  |TAMS 0x0000000081700000, 0x0000000081700000| Untracked 
|  23|0x0000000081700000, 0x0000000081800000, 0x0000000081800000|100%| O|  |TAMS 0x0000000081800000, 0x0000000081800000| Untracked 
|  24|0x0000000081800000, 0x0000000081900000, 0x0000000081900000|100%| O|  |TAMS 0x0000000081900000, 0x0000000081900000| Untracked 
|  25|0x0000000081900000, 0x0000000081a00000, 0x0000000081a00000|100%| O|  |TAMS 0x0000000081a00000, 0x0000000081a00000| Untracked 
|  26|0x0000000081a00000, 0x0000000081b00000, 0x0000000081b00000|100%|HS|  |TAMS 0x0000000081b00000, 0x0000000081b00000| Complete 
|  27|0x0000000081b00000, 0x0000000081c00000, 0x0000000081c00000|100%|HS|  |TAMS 0x0000000081c00000, 0x0000000081c00000| Complete 
|  28|0x0000000081c00000, 0x0000000081d00000, 0x0000000081d00000|100%|HS|  |TAMS 0x0000000081d00000, 0x0000000081d00000| Complete 
|  29|0x0000000081d00000, 0x0000000081e00000, 0x0000000081e00000|100%|HC|  |TAMS 0x0000000081e00000, 0x0000000081e00000| Complete 
|  30|0x0000000081e00000, 0x0000000081f00000, 0x0000000081f00000|100%| O|  |TAMS 0x0000000081f00000, 0x0000000081f00000| Untracked 
|  31|0x0000000081f00000, 0x0000000082000000, 0x0000000082000000|100%| O|  |TAMS 0x0000000082000000, 0x0000000082000000| Untracked 
|  32|0x0000000082000000, 0x0000000082100000, 0x0000000082100000|100%| O|  |TAMS 0x0000000082100000, 0x0000000082100000| Untracked 
|  33|0x0000000082100000, 0x0000000082200000, 0x0000000082200000|100%| O|  |TAMS 0x0000000082200000, 0x0000000082200000| Untracked 
|  34|0x0000000082200000, 0x0000000082300000, 0x0000000082300000|100%| O|  |TAMS 0x0000000082300000, 0x0000000082300000| Untracked 
|  35|0x0000000082300000, 0x0000000082400000, 0x0000000082400000|100%| O|  |TAMS 0x0000000082400000, 0x0000000082400000| Untracked 
|  36|0x0000000082400000, 0x0000000082500000, 0x0000000082500000|100%| O|  |TAMS 0x0000000082500000, 0x0000000082500000| Untracked 
|  37|0x0000000082500000, 0x0000000082600000, 0x0000000082600000|100%| O|  |TAMS 0x0000000082600000, 0x0000000082600000| Untracked 
|  38|0x0000000082600000, 0x0000000082700000, 0x0000000082700000|100%| O|  |TAMS 0x0000000082700000, 0x0000000082700000| Untracked 
|  39|0x0000000082700000, 0x0000000082800000, 0x0000000082800000|100%| O|  |TAMS 0x0000000082800000, 0x0000000082800000| Untracked 
|  40|0x0000000082800000, 0x0000000082900000, 0x0000000082900000|100%| O|  |TAMS 0x0000000082900000, 0x0000000082900000| Untracked 
|  41|0x0000000082900000, 0x0000000082a00000, 0x0000000082a00000|100%| O|  |TAMS 0x0000000082a00000, 0x0000000082a00000| Untracked 
|  42|0x0000000082a00000, 0x0000000082b00000, 0x0000000082b00000|100%| O|  |TAMS 0x0000000082b00000, 0x0000000082b00000| Untracked 
|  43|0x0000000082b00000, 0x0000000082c00000, 0x0000000082c00000|100%| O|  |TAMS 0x0000000082c00000, 0x0000000082c00000| Untracked 
|  44|0x0000000082c00000, 0x0000000082d00000, 0x0000000082d00000|100%| O|  |TAMS 0x0000000082d00000, 0x0000000082d00000| Untracked 
|  45|0x0000000082d00000, 0x0000000082e00000, 0x0000000082e00000|100%| O|  |TAMS 0x0000000082e00000, 0x0000000082e00000| Untracked 
|  46|0x0000000082e00000, 0x0000000082f00000, 0x0000000082f00000|100%| O|  |TAMS 0x0000000082f00000, 0x0000000082f00000| Untracked 
|  47|0x0000000082f00000, 0x0000000083000000, 0x0000000083000000|100%| O|  |TAMS 0x0000000083000000, 0x0000000083000000| Untracked 
|  48|0x0000000083000000, 0x0000000083100000, 0x0000000083100000|100%| O|  |TAMS 0x0000000083100000, 0x0000000083100000| Untracked 
|  49|0x0000000083100000, 0x0000000083200000, 0x0000000083200000|100%| O|  |TAMS 0x0000000083200000, 0x0000000083200000| Untracked 
|  50|0x0000000083200000, 0x0000000083300000, 0x0000000083300000|100%| O|  |TAMS 0x0000000083300000, 0x0000000083300000| Untracked 
|  51|0x0000000083300000, 0x0000000083400000, 0x0000000083400000|100%| O|  |TAMS 0x0000000083400000, 0x0000000083400000| Untracked 
|  52|0x0000000083400000, 0x0000000083500000, 0x0000000083500000|100%| O|  |TAMS 0x0000000083500000, 0x0000000083500000| Untracked 
|  53|0x0000000083500000, 0x0000000083600000, 0x0000000083600000|100%| O|  |TAMS 0x0000000083600000, 0x0000000083600000| Untracked 
|  54|0x0000000083600000, 0x0000000083700000, 0x0000000083700000|100%| O|  |TAMS 0x0000000083700000, 0x0000000083700000| Untracked 
|  55|0x0000000083700000, 0x0000000083800000, 0x0000000083800000|100%| O|  |TAMS 0x0000000083800000, 0x0000000083800000| Untracked 
|  56|0x0000000083800000, 0x0000000083900000, 0x0000000083900000|100%| O|  |TAMS 0x0000000083900000, 0x0000000083900000| Untracked 
|  57|0x0000000083900000, 0x0000000083a00000, 0x0000000083a00000|100%| O|  |TAMS 0x0000000083a00000, 0x0000000083a00000| Untracked 
|  58|0x0000000083a00000, 0x0000000083b00000, 0x0000000083b00000|100%| O|  |TAMS 0x0000000083b00000, 0x0000000083b00000| Untracked 
|  59|0x0000000083b00000, 0x0000000083c00000, 0x0000000083c00000|100%| O|  |TAMS 0x0000000083c00000, 0x0000000083c00000| Untracked 
|  60|0x0000000083c00000, 0x0000000083d00000, 0x0000000083d00000|100%| O|  |TAMS 0x0000000083d00000, 0x0000000083d00000| Untracked 
|  61|0x0000000083d00000, 0x0000000083e00000, 0x0000000083e00000|100%| O|  |TAMS 0x0000000083e00000, 0x0000000083e00000| Untracked 
|  62|0x0000000083e00000, 0x0000000083f00000, 0x0000000083f00000|100%| O|  |TAMS 0x0000000083f00000, 0x0000000083f00000| Untracked 
|  63|0x0000000083f00000, 0x0000000084000000, 0x0000000084000000|100%| O|  |TAMS 0x0000000084000000, 0x0000000084000000| Untracked 
|  64|0x0000000084000000, 0x0000000084100000, 0x0000000084100000|100%| O|  |TAMS 0x0000000084100000, 0x0000000084100000| Untracked 
|  65|0x0000000084100000, 0x0000000084200000, 0x0000000084200000|100%| O|  |TAMS 0x0000000084200000, 0x0000000084200000| Untracked 
|  66|0x0000000084200000, 0x0000000084300000, 0x0000000084300000|100%| O|  |TAMS 0x0000000084300000, 0x0000000084300000| Untracked 
|  67|0x0000000084300000, 0x0000000084400000, 0x0000000084400000|100%| O|  |TAMS 0x0000000084400000, 0x0000000084400000| Untracked 
|  68|0x0000000084400000, 0x0000000084500000, 0x0000000084500000|100%| O|  |TAMS 0x0000000084500000, 0x0000000084500000| Untracked 
|  69|0x0000000084500000, 0x0000000084600000, 0x0000000084600000|100%| O|  |TAMS 0x0000000084600000, 0x0000000084600000| Untracked 
|  70|0x0000000084600000, 0x0000000084700000, 0x0000000084700000|100%| O|  |TAMS 0x0000000084700000, 0x0000000084700000| Untracked 
|  71|0x0000000084700000, 0x0000000084800000, 0x0000000084800000|100%| O|  |TAMS 0x0000000084800000, 0x0000000084800000| Untracked 
|  72|0x0000000084800000, 0x0000000084900000, 0x0000000084900000|100%| O|  |TAMS 0x0000000084900000, 0x0000000084900000| Untracked 
|  73|0x0000000084900000, 0x0000000084a00000, 0x0000000084a00000|100%| O|  |TAMS 0x0000000084a00000, 0x0000000084a00000| Untracked 
|  74|0x0000000084a00000, 0x0000000084b00000, 0x0000000084b00000|100%| O|  |TAMS 0x0000000084b00000, 0x0000000084b00000| Untracked 
|  75|0x0000000084b00000, 0x0000000084c00000, 0x0000000084c00000|100%| O|  |TAMS 0x0000000084c00000, 0x0000000084c00000| Untracked 
|  76|0x0000000084c00000, 0x0000000084d00000, 0x0000000084d00000|100%| O|  |TAMS 0x0000000084d00000, 0x0000000084d00000| Untracked 
|  77|0x0000000084d00000, 0x0000000084e00000, 0x0000000084e00000|100%| O|  |TAMS 0x0000000084e00000, 0x0000000084e00000| Untracked 
|  78|0x0000000084e00000, 0x0000000084f00000, 0x0000000084f00000|100%| O|  |TAMS 0x0000000084f00000, 0x0000000084f00000| Untracked 
|  79|0x0000000084f00000, 0x0000000085000000, 0x0000000085000000|100%| O|  |TAMS 0x0000000085000000, 0x0000000085000000| Untracked 
|  80|0x0000000085000000, 0x0000000085100000, 0x0000000085100000|100%| O|  |TAMS 0x0000000085089800, 0x0000000085100000| Untracked 
|  81|0x0000000085100000, 0x0000000085200000, 0x0000000085200000|100%| O|  |TAMS 0x0000000085100000, 0x0000000085200000| Untracked 
|  82|0x0000000085200000, 0x0000000085300000, 0x0000000085300000|100%| O|  |TAMS 0x0000000085300000, 0x0000000085300000| Untracked 
|  83|0x0000000085300000, 0x0000000085400000, 0x0000000085400000|100%|HS|  |TAMS 0x0000000085400000, 0x0000000085400000| Complete 
|  84|0x0000000085400000, 0x0000000085500000, 0x0000000085500000|100%|HC|  |TAMS 0x0000000085500000, 0x0000000085500000| Complete 
|  85|0x0000000085500000, 0x0000000085600000, 0x0000000085600000|100%|HC|  |TAMS 0x0000000085600000, 0x0000000085600000| Complete 
|  86|0x0000000085600000, 0x0000000085700000, 0x0000000085700000|100%|HC|  |TAMS 0x0000000085700000, 0x0000000085700000| Complete 
|  87|0x0000000085700000, 0x0000000085800000, 0x0000000085800000|100%|HC|  |TAMS 0x0000000085800000, 0x0000000085800000| Complete 
|  88|0x0000000085800000, 0x0000000085900000, 0x0000000085900000|100%| O|  |TAMS 0x0000000085900000, 0x0000000085900000| Untracked 
|  89|0x0000000085900000, 0x0000000085a00000, 0x0000000085a00000|100%| O|  |TAMS 0x0000000085a00000, 0x0000000085a00000| Untracked 
|  90|0x0000000085a00000, 0x0000000085b00000, 0x0000000085b00000|100%| O|  |TAMS 0x0000000085b00000, 0x0000000085b00000| Untracked 
|  91|0x0000000085b00000, 0x0000000085c00000, 0x0000000085c00000|100%| O|  |TAMS 0x0000000085c00000, 0x0000000085c00000| Untracked 
|  92|0x0000000085c00000, 0x0000000085d00000, 0x0000000085d00000|100%| O|  |TAMS 0x0000000085d00000, 0x0000000085d00000| Untracked 
|  93|0x0000000085d00000, 0x0000000085e00000, 0x0000000085e00000|100%|HS|  |TAMS 0x0000000085e00000, 0x0000000085e00000| Complete 
|  94|0x0000000085e00000, 0x0000000085f00000, 0x0000000085f00000|100%|HC|  |TAMS 0x0000000085f00000, 0x0000000085f00000| Complete 
|  95|0x0000000085f00000, 0x0000000086000000, 0x0000000086000000|100%|HC|  |TAMS 0x0000000086000000, 0x0000000086000000| Complete 
|  96|0x0000000086000000, 0x0000000086100000, 0x0000000086100000|100%|HC|  |TAMS 0x0000000086100000, 0x0000000086100000| Complete 
|  97|0x0000000086100000, 0x0000000086200000, 0x0000000086200000|100%|HC|  |TAMS 0x0000000086200000, 0x0000000086200000| Complete 
|  98|0x0000000086200000, 0x0000000086300000, 0x0000000086300000|100%| O|  |TAMS 0x0000000086300000, 0x0000000086300000| Untracked 
|  99|0x0000000086300000, 0x0000000086400000, 0x0000000086400000|100%| O|  |TAMS 0x0000000086400000, 0x0000000086400000| Untracked 
| 100|0x0000000086400000, 0x0000000086500000, 0x0000000086500000|100%| O|  |TAMS 0x0000000086500000, 0x0000000086500000| Untracked 
| 101|0x0000000086500000, 0x0000000086600000, 0x0000000086600000|100%| O|  |TAMS 0x0000000086600000, 0x0000000086600000| Untracked 
| 102|0x0000000086600000, 0x0000000086700000, 0x0000000086700000|100%| O|  |TAMS 0x0000000086700000, 0x0000000086700000| Untracked 
| 103|0x0000000086700000, 0x0000000086800000, 0x0000000086800000|100%| O|  |TAMS 0x0000000086800000, 0x0000000086800000| Untracked 
| 104|0x0000000086800000, 0x0000000086900000, 0x0000000086900000|100%| O|  |TAMS 0x0000000086900000, 0x0000000086900000| Untracked 
| 105|0x0000000086900000, 0x0000000086a00000, 0x0000000086a00000|100%| O|  |TAMS 0x0000000086a00000, 0x0000000086a00000| Untracked 
| 106|0x0000000086a00000, 0x0000000086b00000, 0x0000000086b00000|100%| O|  |TAMS 0x0000000086b00000, 0x0000000086b00000| Untracked 
| 107|0x0000000086b00000, 0x0000000086c00000, 0x0000000086c00000|100%| O|  |TAMS 0x0000000086c00000, 0x0000000086c00000| Untracked 
| 108|0x0000000086c00000, 0x0000000086d00000, 0x0000000086d00000|100%| O|  |TAMS 0x0000000086d00000, 0x0000000086d00000| Untracked 
| 109|0x0000000086d00000, 0x0000000086e00000, 0x0000000086e00000|100%| O|  |TAMS 0x0000000086e00000, 0x0000000086e00000| Untracked 
| 110|0x0000000086e00000, 0x0000000086f00000, 0x0000000086f00000|100%| O|  |TAMS 0x0000000086f00000, 0x0000000086f00000| Untracked 
| 111|0x0000000086f00000, 0x0000000087000000, 0x0000000087000000|100%| O|  |TAMS 0x0000000087000000, 0x0000000087000000| Untracked 
| 112|0x0000000087000000, 0x0000000087100000, 0x0000000087100000|100%| O|  |TAMS 0x0000000087100000, 0x0000000087100000| Untracked 
| 113|0x0000000087100000, 0x0000000087200000, 0x0000000087200000|100%| O|  |TAMS 0x0000000087200000, 0x0000000087200000| Untracked 
| 114|0x0000000087200000, 0x0000000087300000, 0x0000000087300000|100%| O|  |TAMS 0x0000000087300000, 0x0000000087300000| Untracked 
| 115|0x0000000087300000, 0x0000000087400000, 0x0000000087400000|100%| O|  |TAMS 0x0000000087300000, 0x0000000087400000| Untracked 
| 116|0x0000000087400000, 0x0000000087500000, 0x0000000087500000|100%| O|  |TAMS 0x0000000087500000, 0x0000000087500000| Untracked 
| 117|0x0000000087500000, 0x0000000087600000, 0x0000000087600000|100%| O|  |TAMS 0x0000000087600000, 0x0000000087600000| Untracked 
| 118|0x0000000087600000, 0x0000000087700000, 0x0000000087700000|100%| O|  |TAMS 0x0000000087700000, 0x0000000087700000| Untracked 
| 119|0x0000000087700000, 0x0000000087800000, 0x0000000087800000|100%| O|  |TAMS 0x0000000087800000, 0x0000000087800000| Untracked 
| 120|0x0000000087800000, 0x0000000087900000, 0x0000000087900000|100%| O|  |TAMS 0x0000000087900000, 0x0000000087900000| Untracked 
| 121|0x0000000087900000, 0x0000000087a00000, 0x0000000087a00000|100%| O|  |TAMS 0x0000000087a00000, 0x0000000087a00000| Untracked 
| 122|0x0000000087a00000, 0x0000000087b00000, 0x0000000087b00000|100%| O|  |TAMS 0x0000000087b00000, 0x0000000087b00000| Untracked 
| 123|0x0000000087b00000, 0x0000000087c00000, 0x0000000087c00000|100%| O|  |TAMS 0x0000000087c00000, 0x0000000087c00000| Untracked 
| 124|0x0000000087c00000, 0x0000000087d00000, 0x0000000087d00000|100%| O|  |TAMS 0x0000000087d00000, 0x0000000087d00000| Untracked 
| 125|0x0000000087d00000, 0x0000000087e00000, 0x0000000087e00000|100%| O|  |TAMS 0x0000000087e00000, 0x0000000087e00000| Untracked 
| 126|0x0000000087e00000, 0x0000000087f00000, 0x0000000087f00000|100%| O|  |TAMS 0x0000000087f00000, 0x0000000087f00000| Untracked 
| 127|0x0000000087f00000, 0x0000000088000000, 0x0000000088000000|100%| O|  |TAMS 0x0000000087f00000, 0x0000000088000000| Untracked 
| 128|0x0000000088000000, 0x0000000088100000, 0x0000000088100000|100%| O|  |TAMS 0x0000000088000000, 0x0000000088100000| Untracked 
| 129|0x0000000088100000, 0x0000000088200000, 0x0000000088200000|100%| O|  |TAMS 0x0000000088100000, 0x0000000088200000| Untracked 
| 130|0x0000000088200000, 0x0000000088300000, 0x0000000088300000|100%| O|  |TAMS 0x0000000088200000, 0x0000000088300000| Untracked 
| 131|0x0000000088300000, 0x0000000088400000, 0x0000000088400000|100%| O|  |TAMS 0x0000000088300000, 0x0000000088400000| Untracked 
| 132|0x0000000088400000, 0x0000000088500000, 0x0000000088500000|100%| O|  |TAMS 0x0000000088400000, 0x0000000088500000| Untracked 
| 133|0x0000000088500000, 0x0000000088600000, 0x0000000088600000|100%| O|  |TAMS 0x0000000088500000, 0x0000000088600000| Untracked 
| 134|0x0000000088600000, 0x0000000088700000, 0x0000000088700000|100%| O|  |TAMS 0x0000000088600000, 0x0000000088700000| Untracked 
| 135|0x0000000088700000, 0x0000000088800000, 0x0000000088800000|100%| O|  |TAMS 0x0000000088700000, 0x0000000088800000| Untracked 
| 136|0x0000000088800000, 0x0000000088900000, 0x0000000088900000|100%| O|  |TAMS 0x0000000088800000, 0x0000000088900000| Untracked 
| 137|0x0000000088900000, 0x0000000088a00000, 0x0000000088a00000|100%| O|  |TAMS 0x0000000088900000, 0x0000000088a00000| Untracked 
| 138|0x0000000088a00000, 0x0000000088b00000, 0x0000000088b00000|100%| O|  |TAMS 0x0000000088a00000, 0x0000000088b00000| Untracked 
| 139|0x0000000088b00000, 0x0000000088c00000, 0x0000000088c00000|100%| O|  |TAMS 0x0000000088b00000, 0x0000000088c00000| Untracked 
| 140|0x0000000088c00000, 0x0000000088d00000, 0x0000000088d00000|100%| O|  |TAMS 0x0000000088c00000, 0x0000000088c35800| Untracked 
| 141|0x0000000088d00000, 0x0000000088e00000, 0x0000000088e00000|100%| O|  |TAMS 0x0000000088d00000, 0x0000000088d00000| Untracked 
| 142|0x0000000088e00000, 0x0000000088f00000, 0x0000000088f00000|100%| O|  |TAMS 0x0000000088e00000, 0x0000000088e00000| Untracked 
| 143|0x0000000088f00000, 0x0000000088f2f200, 0x0000000089000000| 18%| O|  |TAMS 0x0000000088f00000, 0x0000000088f00000| Untracked 
| 144|0x0000000089000000, 0x0000000089000000, 0x0000000089100000|  0%| F|  |TAMS 0x0000000089000000, 0x0000000089000000| Untracked 
| 145|0x0000000089100000, 0x0000000089100000, 0x0000000089200000|  0%| F|  |TAMS 0x0000000089100000, 0x0000000089100000| Untracked 
| 146|0x0000000089200000, 0x0000000089200000, 0x0000000089300000|  0%| F|  |TAMS 0x0000000089200000, 0x0000000089200000| Untracked 
| 147|0x0000000089300000, 0x0000000089300000, 0x0000000089400000|  0%| F|  |TAMS 0x0000000089300000, 0x0000000089300000| Untracked 
| 148|0x0000000089400000, 0x0000000089400000, 0x0000000089500000|  0%| F|  |TAMS 0x0000000089400000, 0x0000000089400000| Untracked 
| 149|0x0000000089500000, 0x0000000089500000, 0x0000000089600000|  0%| F|  |TAMS 0x0000000089500000, 0x0000000089500000| Untracked 
| 150|0x0000000089600000, 0x0000000089600000, 0x0000000089700000|  0%| F|  |TAMS 0x0000000089600000, 0x0000000089600000| Untracked 
| 151|0x0000000089700000, 0x0000000089700000, 0x0000000089800000|  0%| F|  |TAMS 0x0000000089700000, 0x0000000089700000| Untracked 
| 152|0x0000000089800000, 0x0000000089800000, 0x0000000089900000|  0%| F|  |TAMS 0x0000000089800000, 0x0000000089800000| Untracked 
| 153|0x0000000089900000, 0x0000000089900000, 0x0000000089a00000|  0%| F|  |TAMS 0x0000000089900000, 0x0000000089900000| Untracked 
| 154|0x0000000089a00000, 0x0000000089a00000, 0x0000000089b00000|  0%| F|  |TAMS 0x0000000089a00000, 0x0000000089a00000| Untracked 
| 155|0x0000000089b00000, 0x0000000089b00000, 0x0000000089c00000|  0%| F|  |TAMS 0x0000000089b00000, 0x0000000089b00000| Untracked 
| 156|0x0000000089c00000, 0x0000000089c00000, 0x0000000089d00000|  0%| F|  |TAMS 0x0000000089c00000, 0x0000000089c00000| Untracked 
| 157|0x0000000089d00000, 0x0000000089d00000, 0x0000000089e00000|  0%| F|  |TAMS 0x0000000089d00000, 0x0000000089d00000| Untracked 
| 158|0x0000000089e00000, 0x0000000089e00000, 0x0000000089f00000|  0%| F|  |TAMS 0x0000000089e00000, 0x0000000089e00000| Untracked 
| 159|0x0000000089f00000, 0x0000000089f00000, 0x000000008a000000|  0%| F|  |TAMS 0x0000000089f00000, 0x0000000089f00000| Untracked 
| 160|0x000000008a000000, 0x000000008a000000, 0x000000008a100000|  0%| F|  |TAMS 0x000000008a000000, 0x000000008a000000| Untracked 
| 161|0x000000008a100000, 0x000000008a100000, 0x000000008a200000|  0%| F|  |TAMS 0x000000008a100000, 0x000000008a100000| Untracked 
| 162|0x000000008a200000, 0x000000008a200000, 0x000000008a300000|  0%| F|  |TAMS 0x000000008a200000, 0x000000008a200000| Untracked 
| 163|0x000000008a300000, 0x000000008a300000, 0x000000008a400000|  0%| F|  |TAMS 0x000000008a300000, 0x000000008a300000| Untracked 
| 164|0x000000008a400000, 0x000000008a400000, 0x000000008a500000|  0%| F|  |TAMS 0x000000008a400000, 0x000000008a400000| Untracked 
| 165|0x000000008a500000, 0x000000008a500000, 0x000000008a600000|  0%| F|  |TAMS 0x000000008a500000, 0x000000008a500000| Untracked 
| 166|0x000000008a600000, 0x000000008a600000, 0x000000008a700000|  0%| F|  |TAMS 0x000000008a600000, 0x000000008a600000| Untracked 
| 167|0x000000008a700000, 0x000000008a700000, 0x000000008a800000|  0%| F|  |TAMS 0x000000008a700000, 0x000000008a700000| Untracked 
| 168|0x000000008a800000, 0x000000008a800000, 0x000000008a900000|  0%| F|  |TAMS 0x000000008a800000, 0x000000008a800000| Untracked 
| 169|0x000000008a900000, 0x000000008a900000, 0x000000008aa00000|  0%| F|  |TAMS 0x000000008a900000, 0x000000008a900000| Untracked 
| 170|0x000000008aa00000, 0x000000008aa00000, 0x000000008ab00000|  0%| F|  |TAMS 0x000000008aa00000, 0x000000008aa00000| Untracked 
| 171|0x000000008ab00000, 0x000000008ab00000, 0x000000008ac00000|  0%| F|  |TAMS 0x000000008ab00000, 0x000000008ab00000| Untracked 
| 172|0x000000008ac00000, 0x000000008ac00000, 0x000000008ad00000|  0%| F|  |TAMS 0x000000008ac00000, 0x000000008ac00000| Untracked 
| 173|0x000000008ad00000, 0x000000008ae00000, 0x000000008ae00000|100%| S|CS|TAMS 0x000000008ad00000, 0x000000008ad00000| Complete 
| 174|0x000000008ae00000, 0x000000008af00000, 0x000000008af00000|100%| S|CS|TAMS 0x000000008ae00000, 0x000000008ae00000| Complete 
| 175|0x000000008af00000, 0x000000008af00000, 0x000000008b000000|  0%| F|  |TAMS 0x000000008af00000, 0x000000008af00000| Untracked 
| 176|0x000000008b000000, 0x000000008b000000, 0x000000008b100000|  0%| F|  |TAMS 0x000000008b000000, 0x000000008b000000| Untracked 
| 177|0x000000008b100000, 0x000000008b100000, 0x000000008b200000|  0%| F|  |TAMS 0x000000008b100000, 0x000000008b100000| Untracked 
| 178|0x000000008b200000, 0x000000008b200000, 0x000000008b300000|  0%| F|  |TAMS 0x000000008b200000, 0x000000008b200000| Untracked 
| 179|0x000000008b300000, 0x000000008b300000, 0x000000008b400000|  0%| F|  |TAMS 0x000000008b300000, 0x000000008b300000| Untracked 
| 180|0x000000008b400000, 0x000000008b400000, 0x000000008b500000|  0%| F|  |TAMS 0x000000008b400000, 0x000000008b400000| Untracked 
| 181|0x000000008b500000, 0x000000008b500000, 0x000000008b600000|  0%| F|  |TAMS 0x000000008b500000, 0x000000008b500000| Untracked 
| 182|0x000000008b600000, 0x000000008b600000, 0x000000008b700000|  0%| F|  |TAMS 0x000000008b600000, 0x000000008b600000| Untracked 
| 183|0x000000008b700000, 0x000000008b700000, 0x000000008b800000|  0%| F|  |TAMS 0x000000008b700000, 0x000000008b700000| Untracked 
| 184|0x000000008b800000, 0x000000008b800000, 0x000000008b900000|  0%| F|  |TAMS 0x000000008b800000, 0x000000008b800000| Untracked 

Card table byte_map: [0x000002042b510000,0x000002042b910000] _byte_map_base: 0x000002042b110000

Marking Bits (Prev, Next): (CMBitMap*) 0x0000020416420640, (CMBitMap*) 0x0000020416420608
 Prev Bits: [0x000002042dd10000, 0x000002042fd10000)
 Next Bits: [0x000002042bd10000, 0x000002042dd10000)

Polling page: 0x00000204164c0000

Metaspace:

Usage:
  Non-class:     88.07 MB capacity,    86.40 MB ( 98%) used,     1.34 MB (  2%) free+waste,   330.69 KB ( <1%) overhead. 
      Class:     14.18 MB capacity,    13.12 MB ( 93%) used,   932.58 KB (  6%) free+waste,   151.88 KB (  1%) overhead. 
       Both:    102.24 MB capacity,    99.52 MB ( 97%) used,     2.25 MB (  2%) free+waste,   482.56 KB ( <1%) overhead. 

Virtual space:
  Non-class space:       90.00 MB reserved,      89.00 MB ( 99%) committed 
      Class space:        1.00 GB reserved,      14.88 MB (  1%) committed 
             Both:        1.09 GB reserved,     103.88 MB (  9%) committed 

Chunk freelists:
   Non-Class:  957.00 KB
       Class:  651.00 KB
        Both:  1.57 MB

MaxMetaspaceSize: 17179869184.00 GB
CompressedClassSpaceSize: 1.00 GB

CodeHeap 'non-profiled nmethods': size=120000Kb used=8540Kb max_used=8540Kb free=111459Kb
 bounds [0x0000020423170000, 0x00000204239d0000, 0x000002042a6a0000]
CodeHeap 'profiled nmethods': size=120000Kb used=27841Kb max_used=27841Kb free=92159Kb
 bounds [0x000002041bc40000, 0x000002041d780000, 0x0000020423170000]
CodeHeap 'non-nmethods': size=5760Kb used=2308Kb max_used=2406Kb free=3451Kb
 bounds [0x000002041b6a0000, 0x000002041b910000, 0x000002041bc40000]
 total_blobs=13751 nmethods=12831 adapters=832
 compilation: enabled
              stopped_count=0, restarted_count=0
 full_count=0

Compilation events (20 events):
Event: 40.797 Thread 0x0000020432813800 12910       2       com.android.tools.r8.code.l0::a (1 bytes)
Event: 40.797 Thread 0x0000020432813800 nmethod 12910 0x000002041d76e310 code [0x000002041d76e4c0, 0x000002041d76e5b8]
Event: 40.800 Thread 0x000002043280f000 nmethod 12889 0x00000204239ba890 code [0x00000204239babe0, 0x00000204239bd790]
Event: 40.800 Thread 0x000002043280f000 12905       4       java.util.stream.SpinedBuffer::capacity (38 bytes)
Event: 40.802 Thread 0x000002043280f000 nmethod 12905 0x00000204239bf210 code [0x00000204239bf3a0, 0x00000204239bf4b8]
Event: 40.802 Thread 0x000002043280f000 12911 %     4       com.android.tools.r8.graph.E::a @ 18 (275 bytes)
Event: 40.812 Thread 0x0000020432813800 12916       2       com.android.tools.r8.code.d::a (1 bytes)
Event: 40.812 Thread 0x0000020432813800 nmethod 12916 0x000002041d76e690 code [0x000002041d76e840, 0x000002041d76e938]
Event: 40.827 Thread 0x0000020432813800 12918       2       com.android.tools.r8.code.s0::a (1 bytes)
Event: 40.827 Thread 0x0000020432813800 nmethod 12918 0x000002041d76ea10 code [0x000002041d76ebc0, 0x000002041d76ecb8]
Event: 40.827 Thread 0x0000020432813800 12919       2       com.android.tools.r8.code.O::a (1 bytes)
Event: 40.827 Thread 0x0000020432813800 nmethod 12919 0x000002041d76ed90 code [0x000002041d76ef40, 0x000002041d76f038]
Event: 40.839 Thread 0x0000020432813800 12921       3       com.android.tools.r8.internal.pr::f (65 bytes)
Event: 40.840 Thread 0x0000020432813800 nmethod 12921 0x000002041d76f110 code [0x000002041d76f3a0, 0x000002041d770248]
Event: 40.846 Thread 0x0000020433260800 nmethod 12900 0x00000204239bf610 code [0x00000204239bfa60, 0x00000204239c3490]
Event: 40.846 Thread 0x0000020433260800 12912       4       java.util.stream.SpinedBuffer::ensureCapacity (138 bytes)
Event: 40.864 Thread 0x0000020433260800 nmethod 12912 0x00000204239c5e10 code [0x00000204239c5fe0, 0x00000204239c69b8]
Event: 40.864 Thread 0x0000020433260800 12920       4       java.util.stream.SpinedBuffer::clear (88 bytes)
Event: 40.867 Thread 0x0000020433260800 nmethod 12920 0x00000204239c6f10 code [0x00000204239c70a0, 0x00000204239c71f8]
Event: 40.867 Thread 0x0000020433260800 12923       4       com.android.tools.r8.graph.Z::a (132 bytes)

GC Heap History (20 events):
Event: 39.626 GC heap after
{Heap after GC invocations=33 (full 0):
 garbage-first heap   total 157696K, used 121706K [0x0000000080000000, 0x0000000100000000)
  region size 1024K, 3 young (3072K), 3 survivors (3072K)
 Metaspace       used 101603K, capacity 104415K, committed 106112K, reserved 1140736K
  class space    used 13443K, capacity 14550K, committed 15232K, reserved 1048576K
}
Event: 39.722 GC heap before
{Heap before GC invocations=34 (full 0):
 garbage-first heap   total 157696K, used 129898K [0x0000000080000000, 0x0000000100000000)
  region size 1024K, 12 young (12288K), 3 survivors (3072K)
 Metaspace       used 101619K, capacity 104418K, committed 106112K, reserved 1140736K
  class space    used 13443K, capacity 14550K, committed 15232K, reserved 1048576K
}
Event: 39.732 GC heap after
{Heap after GC invocations=35 (full 0):
 garbage-first heap   total 157696K, used 127141K [0x0000000080000000, 0x0000000100000000)
  region size 1024K, 2 young (2048K), 2 survivors (2048K)
 Metaspace       used 101619K, capacity 104418K, committed 106112K, reserved 1140736K
  class space    used 13443K, capacity 14550K, committed 15232K, reserved 1048576K
}
Event: 39.772 GC heap before
{Heap before GC invocations=35 (full 0):
 garbage-first heap   total 157696K, used 132261K [0x0000000080000000, 0x0000000100000000)
  region size 1024K, 7 young (7168K), 2 survivors (2048K)
 Metaspace       used 101622K, capacity 104418K, committed 106112K, reserved 1140736K
  class space    used 13443K, capacity 14550K, committed 15232K, reserved 1048576K
}
Event: 39.780 GC heap after
{Heap after GC invocations=36 (full 0):
 garbage-first heap   total 157696K, used 125929K [0x0000000080000000, 0x0000000100000000)
  region size 1024K, 1 young (1024K), 1 survivors (1024K)
 Metaspace       used 101622K, capacity 104418K, committed 106112K, reserved 1140736K
  class space    used 13443K, capacity 14550K, committed 15232K, reserved 1048576K
}
Event: 39.841 GC heap before
{Heap before GC invocations=36 (full 0):
 garbage-first heap   total 157696K, used 132073K [0x0000000080000000, 0x0000000100000000)
  region size 1024K, 7 young (7168K), 1 survivors (1024K)
 Metaspace       used 101662K, capacity 104482K, committed 106112K, reserved 1140736K
  class space    used 13443K, capacity 14550K, committed 15232K, reserved 1048576K
}
Event: 39.852 GC heap after
{Heap after GC invocations=37 (full 0):
 garbage-first heap   total 157696K, used 129574K [0x0000000080000000, 0x0000000100000000)
  region size 1024K, 1 young (1024K), 1 survivors (1024K)
 Metaspace       used 101662K, capacity 104482K, committed 106112K, reserved 1140736K
  class space    used 13443K, capacity 14550K, committed 15232K, reserved 1048576K
}
Event: 39.919 GC heap before
{Heap before GC invocations=37 (full 0):
 garbage-first heap   total 157696K, used 135718K [0x0000000080000000, 0x0000000100000000)
  region size 1024K, 7 young (7168K), 1 survivors (1024K)
 Metaspace       used 101662K, capacity 104482K, committed 106112K, reserved 1140736K
  class space    used 13443K, capacity 14550K, committed 15232K, reserved 1048576K
}
Event: 39.926 GC heap after
{Heap after GC invocations=38 (full 0):
 garbage-first heap   total 157696K, used 133108K [0x0000000080000000, 0x0000000100000000)
  region size 1024K, 1 young (1024K), 1 survivors (1024K)
 Metaspace       used 101662K, capacity 104482K, committed 106112K, reserved 1140736K
  class space    used 13443K, capacity 14550K, committed 15232K, reserved 1048576K
}
Event: 40.003 GC heap before
{Heap before GC invocations=38 (full 0):
 garbage-first heap   total 157696K, used 138228K [0x0000000080000000, 0x0000000100000000)
  region size 1024K, 7 young (7168K), 1 survivors (1024K)
 Metaspace       used 101758K, capacity 104563K, committed 106368K, reserved 1140736K
  class space    used 13450K, capacity 14553K, committed 15232K, reserved 1048576K
}
Event: 40.010 GC heap after
{Heap after GC invocations=39 (full 0):
 garbage-first heap   total 157696K, used 136612K [0x0000000080000000, 0x0000000100000000)
  region size 1024K, 1 young (1024K), 1 survivors (1024K)
 Metaspace       used 101758K, capacity 104563K, committed 106368K, reserved 1140736K
  class space    used 13450K, capacity 14553K, committed 15232K, reserved 1048576K
}
Event: 40.129 GC heap before
{Heap before GC invocations=39 (full 0):
 garbage-first heap   total 157696K, used 142756K [0x0000000080000000, 0x0000000100000000)
  region size 1024K, 7 young (7168K), 1 survivors (1024K)
 Metaspace       used 101758K, capacity 104481K, committed 106368K, reserved 1140736K
  class space    used 13430K, capacity 14516K, committed 15232K, reserved 1048576K
}
Event: 40.140 GC heap after
{Heap after GC invocations=40 (full 0):
 garbage-first heap   total 189440K, used 138022K [0x0000000080000000, 0x0000000100000000)
  region size 1024K, 1 young (1024K), 1 survivors (1024K)
 Metaspace       used 101758K, capacity 104481K, committed 106368K, reserved 1140736K
  class space    used 13430K, capacity 14516K, committed 15232K, reserved 1048576K
}
Event: 40.376 GC heap before
{Heap before GC invocations=41 (full 0):
 garbage-first heap   total 189440K, used 149286K [0x0000000080000000, 0x0000000100000000)
  region size 1024K, 13 young (13312K), 1 survivors (1024K)
 Metaspace       used 101821K, capacity 104562K, committed 106368K, reserved 1140736K
  class space    used 13432K, capacity 14517K, committed 15232K, reserved 1048576K
}
Event: 40.389 GC heap after
{Heap after GC invocations=42 (full 0):
 garbage-first heap   total 189440K, used 140288K [0x0000000080000000, 0x0000000100000000)
  region size 1024K, 2 young (2048K), 2 survivors (2048K)
 Metaspace       used 101821K, capacity 104562K, committed 106368K, reserved 1140736K
  class space    used 13432K, capacity 14517K, committed 15232K, reserved 1048576K
}
Event: 40.498 GC heap before
{Heap before GC invocations=42 (full 0):
 garbage-first heap   total 189440K, used 147456K [0x0000000080000000, 0x0000000100000000)
  region size 1024K, 9 young (9216K), 2 survivors (2048K)
 Metaspace       used 101893K, capacity 104632K, committed 106368K, reserved 1140736K
  class space    used 13432K, capacity 14517K, committed 15232K, reserved 1048576K
}
Event: 40.509 GC heap after
{Heap after GC invocations=43 (full 0):
 garbage-first heap   total 189440K, used 142253K [0x0000000080000000, 0x0000000100000000)
  region size 1024K, 2 young (2048K), 2 survivors (2048K)
 Metaspace       used 101893K, capacity 104632K, committed 106368K, reserved 1140736K
  class space    used 13432K, capacity 14517K, committed 15232K, reserved 1048576K
}
Event: 40.672 GC heap before
{Heap before GC invocations=43 (full 0):
 garbage-first heap   total 189440K, used 152493K [0x0000000080000000, 0x0000000100000000)
  region size 1024K, 13 young (13312K), 2 survivors (2048K)
 Metaspace       used 101906K, capacity 104632K, committed 106368K, reserved 1140736K
  class space    used 13432K, capacity 14517K, committed 15232K, reserved 1048576K
}
Event: 40.685 GC heap after
{Heap after GC invocations=44 (full 0):
 garbage-first heap   total 189440K, used 145622K [0x0000000080000000, 0x0000000100000000)
  region size 1024K, 2 young (2048K), 2 survivors (2048K)
 Metaspace       used 101906K, capacity 104632K, committed 106368K, reserved 1140736K
  class space    used 13432K, capacity 14517K, committed 15232K, reserved 1048576K
}
Event: 40.881 GC heap before
{Heap before GC invocations=44 (full 0):
 garbage-first heap   total 189440K, used 155862K [0x0000000080000000, 0x0000000100000000)
  region size 1024K, 12 young (12288K), 2 survivors (2048K)
 Metaspace       used 101910K, capacity 104696K, committed 106368K, reserved 1140736K
  class space    used 13432K, capacity 14517K, committed 15232K, reserved 1048576K
}

Deoptimization events (20 events):
Event: 40.354 Thread 0x00000204394a0000 DEOPT UNPACKING pc=0x000002041b6c73af sp=0x0000008154bfef20 mode 2
Event: 40.355 Thread 0x00000204394a4000 DEOPT PACKING pc=0x000002042397b4bc sp=0x0000008154cfeaa0
Event: 40.355 Thread 0x00000204394a4000 DEOPT UNPACKING pc=0x000002041b6c73af sp=0x0000008154cfea60 mode 2
Event: 40.356 Thread 0x000002043949e000 Uncommon trap: reason=profile_predicate action=maybe_recompile pc=0x000002042397b4bc method=com.android.tools.r8.dex.b.a(Lcom/android/tools/r8/graph/Z;)V @ 10 c2
Event: 40.356 Thread 0x000002043949e000 DEOPT PACKING pc=0x000002042397b4bc sp=0x0000008154efeac0
Event: 40.356 Thread 0x000002043949e000 DEOPT UNPACKING pc=0x000002041b6c73af sp=0x0000008154efea80 mode 2
Event: 40.403 Thread 0x0000020433263000 Uncommon trap: trap_request=0xffffffe4 fr.pc=0x00000204239216d4 relative=0x0000000000000214
Event: 40.403 Thread 0x0000020433263000 Uncommon trap: reason=range_check action=make_not_entrant pc=0x00000204239216d4 method=com.android.tools.r8.graph.c0.a(Lcom/android/tools/r8/graph/c0;)I @ 9 c2
Event: 40.403 Thread 0x0000020433263000 DEOPT PACKING pc=0x00000204239216d4 sp=0x00000081546fd5a0
Event: 40.403 Thread 0x0000020433263000 DEOPT UNPACKING pc=0x000002041b6c73af sp=0x00000081546fd528 mode 2
Event: 40.624 Thread 0x0000020433263000 Uncommon trap: trap_request=0xffffffcc fr.pc=0x00000204239adae8 relative=0x0000000000002e08
Event: 40.624 Thread 0x0000020433263000 Uncommon trap: reason=intrinsic_or_type_checked_inlining action=make_not_entrant pc=0x00000204239adae8 method=java.util.stream.SpinedBuffer.copyInto([Ljava/lang/Object;I)V @ 51 c2
Event: 40.624 Thread 0x0000020433263000 DEOPT PACKING pc=0x00000204239adae8 sp=0x00000081546fd770
Event: 40.624 Thread 0x0000020433263000 DEOPT UNPACKING pc=0x000002041b6c73af sp=0x00000081546fd3e8 mode 2
Event: 40.800 Thread 0x0000020433263000 Uncommon trap: trap_request=0xffffffcc fr.pc=0x00000204239bd050 relative=0x0000000000002470
Event: 40.800 Thread 0x0000020433263000 Uncommon trap: reason=intrinsic_or_type_checked_inlining action=make_not_entrant pc=0x00000204239bd050 method=java.util.stream.SpinedBuffer.copyInto([Ljava/lang/Object;I)V @ 87 c2
Event: 40.800 Thread 0x0000020433263000 DEOPT PACKING pc=0x00000204239bd050 sp=0x00000081546fd770
Event: 40.800 Thread 0x0000020433263000 DEOPT UNPACKING pc=0x000002041b6c73af sp=0x00000081546fd3e8 mode 2
Event: 40.839 Thread 0x0000020433263000 DEOPT PACKING pc=0x000002041d6cd190 sp=0x00000081546fd9b0
Event: 40.839 Thread 0x0000020433263000 DEOPT UNPACKING pc=0x000002041b6c71ce sp=0x00000081546fcee8 mode 0

Classes redefined (0 events):
No events

Internal exceptions (20 events):
Event: 37.530 Thread 0x0000020433259800 Exception <a 'java/lang/NoSuchMethodError'{0x0000000088a82d10}: 'void java.lang.invoke.DirectMethodHandle$Holder.invokeSpecial(java.lang.Object, java.lang.Object, int, java.lang.Object, java.lang.Object, java.lang.Object, java.lang.Object)'> (0x0000000088a82d10) thrown at [./src/hotspot/share/interpreter/linkResolver.cpp, line 773]
Event: 37.530 Thread 0x000002043325f000 Exception <a 'java/lang/NoSuchMethodError'{0x0000000088a4f3d8}: 'void java.lang.invoke.DirectMethodHandle$Holder.invokeSpecial(java.lang.Object, java.lang.Object, int, java.lang.Object, java.lang.Object, java.lang.Object, java.lang.Object)'> (0x0000000088a4f3d8) thrown at [./src/hotspot/share/interpreter/linkResolver.cpp, line 773]
Event: 37.531 Thread 0x0000020433259800 Exception <a 'java/lang/NoSuchMethodError'{0x0000000088a8e3c0}: 'java.lang.Object java.lang.invoke.Invokers$Holder.linkToTargetMethod(java.lang.Object, int, java.lang.Object, java.lang.Object, java.lang.Object, java.lang.Object)'> (0x0000000088a8e3c0) thrown at [./src/hotspot/share/interpreter/linkResolver.cpp, line 773]
Event: 37.532 Thread 0x000002043325f000 Exception <a 'java/lang/NoSuchMethodError'{0x0000000088a59000}: 'java.lang.Object java.lang.invoke.Invokers$Holder.linkToTargetMethod(java.lang.Object, int, java.lang.Object, java.lang.Object, java.lang.Object, java.lang.Object)'> (0x0000000088a59000) thrown at [./src/hotspot/share/interpreter/linkResolver.cpp, line 773]
Event: 37.532 Thread 0x0000020433259800 Exception <a 'java/lang/NoSuchMethodError'{0x0000000088a92078}: 'void java.lang.invoke.DirectMethodHandle$Holder.invokeSpecial(java.lang.Object, java.lang.Object, java.lang.Object, java.lang.Object, java.lang.Object, java.lang.Object, java.lang.Object, java.lang.Object, java.lang.Object)'> (0x0000000088a92078) thrown at [./src/hotspot/share/interpreter/linkResolver.cpp, line 773]
Event: 37.533 Thread 0x000002043325f000 Exception <a 'java/lang/NoSuchMethodError'{0x0000000088a5c600}: 'void java.lang.invoke.DirectMethodHandle$Holder.invokeSpecial(java.lang.Object, java.lang.Object, java.lang.Object, java.lang.Object, java.lang.Object, java.lang.Object, java.lang.Object, java.lang.Object, java.lang.Object)'> (0x0000000088a5c600) thrown at [./src/hotspot/share/interpreter/linkResolver.cpp, line 773]
Event: 37.535 Thread 0x0000020433259800 Exception <a 'java/lang/NoSuchMethodError'{0x0000000088ae5660}: 'void java.lang.invoke.DirectMethodHandle$Holder.invokeStatic(java.lang.Object, java.lang.Object, java.lang.Object, java.lang.Object, java.lang.Object, java.lang.Object, java.lang.Object, java.lang.Object)'> (0x0000000088ae5660) thrown at [./src/hotspot/share/interpreter/linkResolver.cpp, line 773]
Event: 37.535 Thread 0x000002043325f000 Exception <a 'java/lang/NoSuchMethodError'{0x0000000088ac07e0}: 'void java.lang.invoke.DirectMethodHandle$Holder.invokeStatic(java.lang.Object, java.lang.Object, java.lang.Object, java.lang.Object, java.lang.Object, java.lang.Object, java.lang.Object, java.lang.Object)'> (0x0000000088ac07e0) thrown at [./src/hotspot/share/interpreter/linkResolver.cpp, line 773]
Event: 37.577 Thread 0x0000020433259800 Exception <a 'java/lang/IncompatibleClassChangeError'{0x00000000887c2610}: Found class java.lang.Object, but interface was expected> (0x00000000887c2610) thrown at [./src/hotspot/share/interpreter/linkResolver.cpp, line 839]
Event: 37.577 Thread 0x000002043325f000 Exception <a 'java/lang/IncompatibleClassChangeError'{0x00000000887b4f70}: Found class java.lang.Object, but interface was expected> (0x00000000887b4f70) thrown at [./src/hotspot/share/interpreter/linkResolver.cpp, line 839]
Event: 37.633 Thread 0x0000020433259800 Exception <a 'java/lang/NoSuchMethodError'{0x0000000088453d68}: 'void java.lang.invoke.DirectMethodHandle$Holder.invokeVirtual(java.lang.Object, java.lang.Object, int)'> (0x0000000088453d68) thrown at [./src/hotspot/share/interpreter/linkResolver.cpp, line 773]
Event: 37.633 Thread 0x000002043325f000 Exception <a 'java/lang/NoSuchMethodError'{0x000000008840bb28}: 'void java.lang.invoke.DirectMethodHandle$Holder.invokeVirtual(java.lang.Object, java.lang.Object, int)'> (0x000000008840bb28) thrown at [./src/hotspot/share/interpreter/linkResolver.cpp, line 773]
Event: 37.658 Thread 0x0000020433259800 Exception <a 'sun/nio/fs/WindowsException'{0x00000000882138d8}> (0x00000000882138d8) thrown at [./src/hotspot/share/prims/jni.cpp, line 615]
Event: 37.658 Thread 0x000002043325f000 Exception <a 'sun/nio/fs/WindowsException'{0x00000000882271d8}> (0x00000000882271d8) thrown at [./src/hotspot/share/prims/jni.cpp, line 615]
Event: 37.687 Thread 0x0000020433260000 Exception <a 'sun/nio/fs/WindowsException'{0x0000000088162db0}> (0x0000000088162db0) thrown at [./src/hotspot/share/prims/jni.cpp, line 615]
Event: 37.768 Thread 0x000002043594d000 Implicit null exception at 0x00000204237dcad9 to 0x00000204237dd380
Event: 37.930 Thread 0x000002043325c800 Implicit null exception at 0x00000204237e6f2e to 0x00000204237ec1b2
Event: 38.426 Thread 0x000002043325c800 Exception <a 'java/lang/NoSuchMethodError'{0x000000008918e5d0}: <clinit>> (0x000000008918e5d0) thrown at [./src/hotspot/share/prims/jni.cpp, line 1362]
Event: 38.806 Thread 0x0000020433263000 Exception <a 'sun/nio/fs/WindowsException'{0x00000000884634e8}> (0x00000000884634e8) thrown at [./src/hotspot/share/prims/jni.cpp, line 615]
Event: 39.119 Thread 0x0000020433263000 Implicit null exception at 0x00000204238f7921 to 0x00000204238f82e0

Events (20 events):
Event: 40.656 Thread 0x0000020433261800 Thread exited: 0x0000020433261800
Event: 40.656 Thread 0x000002043325e000 Thread exited: 0x000002043325e000
Event: 40.656 Executing VM operation: RevokeBias
Event: 40.657 Executing VM operation: RevokeBias done
Event: 40.657 Thread 0x0000020433260000 Thread exited: 0x0000020433260000
Event: 40.657 Executing VM operation: RevokeBias
Event: 40.658 Executing VM operation: RevokeBias done
Event: 40.658 Thread 0x0000020433259800 Thread exited: 0x0000020433259800
Event: 40.658 Executing VM operation: RevokeBias
Event: 40.659 Executing coalesced safepoint VM operation: RevokeBias
Event: 40.659 Executing coalesced safepoint VM operation: RevokeBias done
Event: 40.659 Executing coalesced safepoint VM operation: RevokeBias
Event: 40.659 Executing coalesced safepoint VM operation: RevokeBias done
Event: 40.659 Executing VM operation: RevokeBias done
Event: 40.659 Thread 0x00000204394a2800 Thread exited: 0x00000204394a2800
Event: 40.659 Thread 0x0000020433264000 Thread exited: 0x0000020433264000
Event: 40.659 Thread 0x000002043325f000 Thread exited: 0x000002043325f000
Event: 40.671 Executing VM operation: G1CollectForAllocation
Event: 40.685 Executing VM operation: G1CollectForAllocation done
Event: 40.880 Executing VM operation: G1CollectForAllocation


Dynamic libraries:
0x00007ff7e9090000 - 0x00007ff7e909a000 	C:\Program Files\Android\Android Studio\jre\bin\java.exe
0x00007ffb34770000 - 0x00007ffb34965000 	C:\WINDOWS\SYSTEM32\ntdll.dll
0x00007ffb327c0000 - 0x00007ffb3287e000 	C:\WINDOWS\System32\KERNEL32.DLL
0x00007ffb32260000 - 0x00007ffb32528000 	C:\WINDOWS\System32\KERNELBASE.dll
0x00007ffb31f50000 - 0x00007ffb32050000 	C:\WINDOWS\System32\ucrtbase.dll
0x00007ffb28ef0000 - 0x00007ffb28f09000 	C:\Program Files\Android\Android Studio\jre\bin\jli.dll
0x00007ffb33dc0000 - 0x00007ffb33f61000 	C:\WINDOWS\System32\USER32.dll
0x00007ffb32790000 - 0x00007ffb327b2000 	C:\WINDOWS\System32\win32u.dll
0x00007ffb23700000 - 0x00007ffb2399a000 	C:\WINDOWS\WinSxS\amd64_microsoft.windows.common-controls_6595b64144ccf1df_6.0.19041.1110_none_60b5254171f9507e\COMCTL32.dll
0x00007ffb337a0000 - 0x00007ffb337cb000 	C:\WINDOWS\System32\GDI32.dll
0x00007ffb33c40000 - 0x00007ffb33cde000 	C:\WINDOWS\System32\msvcrt.dll
0x00007ffb32590000 - 0x00007ffb3269b000 	C:\WINDOWS\System32\gdi32full.dll
0x00007ffb326a0000 - 0x00007ffb3273d000 	C:\WINDOWS\System32\msvcp_win.dll
0x00007ffb22fe0000 - 0x00007ffb22ff7000 	C:\Program Files\Android\Android Studio\jre\bin\VCRUNTIME140.dll
0x00007ffb33d80000 - 0x00007ffb33db0000 	C:\WINDOWS\System32\IMM32.DLL
0x00007ffaf9960000 - 0x00007ffaf99fd000 	C:\Program Files\Android\Android Studio\jre\bin\msvcp140.dll
0x00007ffaf48b0000 - 0x00007ffaf537f000 	C:\Program Files\Android\Android Studio\jre\bin\server\jvm.dll
0x00007ffb32dd0000 - 0x00007ffb32e7c000 	C:\WINDOWS\System32\ADVAPI32.dll
0x00007ffb34690000 - 0x00007ffb3472b000 	C:\WINDOWS\System32\sechost.dll
0x00007ffb343b0000 - 0x00007ffb344da000 	C:\WINDOWS\System32\RPCRT4.dll
0x00007ffb33db0000 - 0x00007ffb33db8000 	C:\WINDOWS\System32\PSAPI.DLL
0x00007ffb1c180000 - 0x00007ffb1c189000 	C:\WINDOWS\SYSTEM32\WSOCK32.dll
0x00007ffb25550000 - 0x00007ffb25577000 	C:\WINDOWS\SYSTEM32\WINMM.dll
0x00007ffb32880000 - 0x00007ffb328eb000 	C:\WINDOWS\System32\WS2_32.dll
0x00007ffb2ac00000 - 0x00007ffb2ac0a000 	C:\WINDOWS\SYSTEM32\VERSION.dll
0x00007ffb2fc90000 - 0x00007ffb2fca2000 	C:\WINDOWS\SYSTEM32\kernel.appcore.dll
0x00007ffb2ca90000 - 0x00007ffb2caa1000 	C:\Program Files\Android\Android Studio\jre\bin\verify.dll
0x00007ffb202a0000 - 0x00007ffb20484000 	C:\WINDOWS\SYSTEM32\DBGHELP.DLL
0x00007ffb20d10000 - 0x00007ffb20d3c000 	C:\WINDOWS\SYSTEM32\dbgcore.DLL
0x00007ffb31ec0000 - 0x00007ffb31f43000 	C:\WINDOWS\System32\bcryptPrimitives.dll
0x00007ffb2b3a0000 - 0x00007ffb2b3c9000 	C:\Program Files\Android\Android Studio\jre\bin\java.dll
0x00007ffb2f960000 - 0x00007ffb2f96b000 	C:\Program Files\Android\Android Studio\jre\bin\jimage.dll
0x00007ffb2c2d0000 - 0x00007ffb2c2e8000 	C:\Program Files\Android\Android Studio\jre\bin\zip.dll
0x00007ffb32e80000 - 0x00007ffb335bf000 	C:\WINDOWS\System32\SHELL32.dll
0x00007ffb2ff70000 - 0x00007ffb30700000 	C:\WINDOWS\SYSTEM32\windows.storage.dll
0x00007ffb34050000 - 0x00007ffb343a5000 	C:\WINDOWS\System32\combase.dll
0x00007ffb31730000 - 0x00007ffb3175e000 	C:\WINDOWS\SYSTEM32\Wldp.dll
0x00007ffb337d0000 - 0x00007ffb3387d000 	C:\WINDOWS\System32\SHCORE.dll
0x00007ffb32d70000 - 0x00007ffb32dc5000 	C:\WINDOWS\System32\shlwapi.dll
0x00007ffb31dd0000 - 0x00007ffb31def000 	C:\WINDOWS\SYSTEM32\profapi.dll
0x00007ffb28420000 - 0x00007ffb2843a000 	C:\Program Files\Android\Android Studio\jre\bin\net.dll
0x00007ffb2bb40000 - 0x00007ffb2bc4c000 	C:\WINDOWS\SYSTEM32\WINHTTP.dll
0x00007ffb31510000 - 0x00007ffb3157a000 	C:\WINDOWS\system32\mswsock.dll
0x00007ffb27ea0000 - 0x00007ffb27eb4000 	C:\Program Files\Android\Android Studio\jre\bin\nio.dll
0x00007ffb2ada0000 - 0x00007ffb2adc7000 	C:\Users\Vladislav\.gradle\native\8bec1ad78214c89d9ad589b4d07fe93259594b29d510b10fafb7a158f7737e5d\windows-amd64\native-platform.dll
0x00007ffb001f0000 - 0x00007ffb0032d000 	C:\Users\Vladislav\.gradle\native\53dbd7edfb1c66fb8903c78663c9afc45aea4f116125fa6feffd364cf09443e8\windows-amd64\native-platform-file-events.dll
0x00007ffb2f700000 - 0x00007ffb2f70a000 	C:\Program Files\Android\Android Studio\jre\bin\management.dll
0x00007ffb2d760000 - 0x00007ffb2d76c000 	C:\Program Files\Android\Android Studio\jre\bin\management_ext.dll
0x00007ffb31a60000 - 0x00007ffb31a78000 	C:\WINDOWS\SYSTEM32\CRYPTSP.dll
0x00007ffb30eb0000 - 0x00007ffb30ee4000 	C:\WINDOWS\system32\rsaenh.dll
0x00007ffb31e90000 - 0x00007ffb31eb7000 	C:\WINDOWS\System32\bcrypt.dll
0x00007ffb31d50000 - 0x00007ffb31d7e000 	C:\WINDOWS\SYSTEM32\USERENV.dll
0x00007ffb316a0000 - 0x00007ffb316ac000 	C:\WINDOWS\SYSTEM32\CRYPTBASE.dll
0x00007ffb31220000 - 0x00007ffb3125b000 	C:\WINDOWS\SYSTEM32\IPHLPAPI.DLL
0x00007ffb33c30000 - 0x00007ffb33c38000 	C:\WINDOWS\System32\NSI.dll
0x00007ffb2b6a0000 - 0x00007ffb2b6b7000 	C:\WINDOWS\SYSTEM32\dhcpcsvc6.DLL
0x00007ffb2b600000 - 0x00007ffb2b61d000 	C:\WINDOWS\SYSTEM32\dhcpcsvc.DLL
0x00007ffb31260000 - 0x00007ffb3132b000 	C:\WINDOWS\SYSTEM32\DNSAPI.dll

dbghelp: loaded successfully - version: 4.0.5 - missing functions: none
symbol engine: initialized successfully - sym options: 0x614 - pdb path: .;C:\Program Files\Android\Android Studio\jre\bin;C:\WINDOWS\SYSTEM32;C:\WINDOWS\WinSxS\amd64_microsoft.windows.common-controls_6595b64144ccf1df_6.0.19041.1110_none_60b5254171f9507e;C:\Program Files\Android\Android Studio\jre\bin\server;C:\Users\Vladislav\.gradle\native\8bec1ad78214c89d9ad589b4d07fe93259594b29d510b10fafb7a158f7737e5d\windows-amd64;C:\Users\Vladislav\.gradle\native\53dbd7edfb1c66fb8903c78663c9afc45aea4f116125fa6feffd364cf09443e8\windows-amd64

VM Arguments:
jvm_args: --add-opens=java.base/java.util=ALL-UNNAMED --add-opens=java.base/java.lang=ALL-UNNAMED --add-opens=java.base/java.lang.invoke=ALL-UNNAMED --add-opens=java.base/java.util=ALL-UNNAMED --add-opens=java.prefs/java.util.prefs=ALL-UNNAMED --add-opens=java.prefs/java.util.prefs=ALL-UNNAMED --add-opens=java.base/java.nio.charset=ALL-UNNAMED --add-opens=java.base/java.net=ALL-UNNAMED --add-opens=java.base/java.util.concurrent.atomic=ALL-UNNAMED -Xmx2048m -Dfile.encoding=UTF-8 -Duser.country=RU -Duser.language=ru -Duser.variant 
java_command: org.gradle.launcher.daemon.bootstrap.GradleDaemon 7.0.2
java_class_path (initial): C:\Users\Vladislav\.gradle\wrapper\dists\gradle-7.0.2-bin\857tjihv64xamwrf0h14cai3r\gradle-7.0.2\lib\gradle-launcher-7.0.2.jar
Launcher Type: SUN_STANDARD

[Global flags]
     intx CICompilerCount                          = 4                                         {product} {ergonomic}
     uint ConcGCThreads                            = 2                                         {product} {ergonomic}
     uint G1ConcRefinementThreads                  = 8                                         {product} {ergonomic}
   size_t G1HeapRegionSize                         = 1048576                                   {product} {ergonomic}
    uintx GCDrainStackTargetSize                   = 64                                        {product} {ergonomic}
   size_t InitialHeapSize                          = 134217728                                 {product} {ergonomic}
   size_t MarkStackSize                            = 4194304                                   {product} {ergonomic}
   size_t MaxHeapSize                              = 2147483648                                {product} {command line}
   size_t MaxNewSize                               = 1287651328                                {product} {ergonomic}
   size_t MinHeapDeltaBytes                        = 1048576                                   {product} {ergonomic}
    uintx NonNMethodCodeHeapSize                   = 5836300                                {pd product} {ergonomic}
    uintx NonProfiledCodeHeapSize                  = 122910970                              {pd product} {ergonomic}
    uintx ProfiledCodeHeapSize                     = 122910970                              {pd product} {ergonomic}
    uintx ReservedCodeCacheSize                    = 251658240                              {pd product} {ergonomic}
     bool SegmentedCodeCache                       = true                                      {product} {ergonomic}
     bool UseCompressedClassPointers               = true                                 {lp64_product} {ergonomic}
     bool UseCompressedOops                        = true                                 {lp64_product} {ergonomic}
     bool UseG1GC                                  = true                                      {product} {ergonomic}
     bool UseLargePagesIndividualAllocation        = false                                  {pd product} {ergonomic}

Logging:
Log output configuration:
 #0: stdout all=warning uptime,level,tags
 #1: stderr all=off uptime,level,tags

Environment Variables:
JAVA_HOME=C:\Program Files\Android\Jdk\microsoft_dist_openjdk_1.8.0.25
PATH=C:\Program Files\Common Files\Oracle\Java\javapath;C:\Program Files (x86)\Common Files\Oracle\Java\javapath;C:\ProgramData\Oracle\Java\javapath;C:\Windows\system32;C:\Windows;C:\Windows\System32\Wbem;C:\Windows\System32\WindowsPowerShell\v1.0\;C:\Windows\System32\OpenSSH\;C:\Program Files (x86)\NVIDIA Corporation\PhysX\Common;C:\WINDOWS\system32;C:\WINDOWS;C:\WINDOWS\System32\Wbem;C:\WINDOWS\System32\WindowsPowerShell\v1.0\;C:\WINDOWS\System32\OpenSSH\;C:\Program Files\NVIDIA Corporation\NVIDIA NvDLISR;C:\Program Files\Microsoft SQL Server\130\Tools\Binn\;C:\Program Files\Microsoft SQL Server\Client SDK\ODBC\170\Tools\Binn\;C:\Program Files (x86)\Microsoft SQL Server\100\Tools\Binn\;C:\Program Files\Microsoft SQL Server\100\Tools\Binn\;C:\Program Files\Microsoft SQL Server\100\DTS\Binn\;C:\WINDOWS\system32;C:\WINDOWS;C:\WINDOWS\System32\Wbem;C:\WINDOWS\System32\WindowsPowerShell\v1.0\;C:\WINDOWS\System32\OpenSSH\;E:\Git\cmd;C:\Program Files\nodejs\;C:\Program Files (x86)\Microsoft SQL Server\150\Tools\Binn\;C:\Program Files\Microsoft SQL Server\150\Tools\Binn\;C:\Program Files\Microsoft SQL Server\150\DTS\Binn\;C:\Program Files (x86)\Microsoft SQL Server\150\DTS\Binn\;C:\Program Files\Azure Data Studio\bin;C:\Program Files\Common Files\Autodesk Shared\;C:\Program Files\Microsoft SQL Server\120\Tools\Binn\;C:\Program Files (x86)\Microsoft Emulator Manager\1.0\;C:\Program Files\dotnet\;C:\Users\Vladislav\AppData\Local\Programs\Python\Python39;C:\Users\Vladislav\AppData\Local\Programs\Python\Python39\Scripts;C:\Users\Владислав\AppData\Local\Programs\Python\Python38-32\Scripts\;C:\Users\Владислав\AppData\Local\Programs\Python\Python38-32\;%USERPROFILE%\AppData\Local\Microsoft\WindowsApps;%IntelliJ IDEA Community Edition%;C:\Users\Владислав\AppData\Local\Programs\Microsoft VS Code\bin;C:\Users\Владислав\AppData\Roaming\npm;C:\Program Files\Azure Data Studio\bin;C:\Program Files\heroku\bin;C:\Users\Владислав\yandex-cloud\bin;%USERPROFILE%\.dotnet\tools;C:\Users\Vladisla
USERNAME=Vladislav
OS=Windows_NT
PROCESSOR_IDENTIFIER=AMD64 Family 21 Model 2 Stepping 0, AuthenticAMD



---------------  S Y S T E M  ---------------

OS: Windows 10 , 64 bit Build 19041 (10.0.19041.1348)
OS uptime: 0 days 2:24 hours
Hyper-V role detected

CPU:total 8 (initial active 8) (8 cores per cpu, 1 threads per core) family 21 model 2 stepping 0 microcode 0x0, cmov, cx8, fxsr, mmx, sse, sse2, sse3, ssse3, sse4.1, sse4.2, popcnt, avx, aes, clmul, mmxext, 3dnowpref, lzcnt, sse4a, tsc, tscinvbit, tscinv, bmi1, fma

Memory: 4k page, system-wide physical 8149M (2082M free)
TotalPageFile size 8149M (AvailPageFile size 159M)
current process WorkingSet (physical memory assigned to process): 461M, peak: 482M
current process commit charge ("private bytes"): 514M, peak: 682M

vm_info: OpenJDK 64-Bit Server VM (11.0.10+0-b96-7249189) for windows-amd64 JRE (11.0.10+0-b96-7249189), built on Mar 31 2021 21:44:00 by "builder" with MS VC++ 14.0 (VS2015)

END.
