#
# There is insufficient memory for the Java Runtime Environment to continue.
# Native memory allocation (malloc) failed to allocate 566576 bytes for Chunk::new
# Possible reasons:
#   The system is out of physical RAM or swap space
#   The process is running with CompressedOops enabled, and the Java Heap may be blocking the growth of the native heap
# Possible solutions:
#   Reduce memory load on the system
#   Increase physical memory or swap space
#   Check if swap backing store is full
#   Decrease Java heap size (-Xmx/-Xms)
#   Decrease number of Java threads
#   Decrease Java thread stack sizes (-Xss)
#   Set larger code cache with -XX:ReservedCodeCacheSize=
#   JVM is running with Unscaled Compressed Oops mode in which the Java heap is
#     placed in the first 4GB address space. The Java Heap base address is the
#     maximum limit for the native heap growth. Please use -XX:HeapBaseMinAddress
#     to set the Java Heap base and to place the Java Heap above 4GB virtual address.
# This output file may be truncated or incomplete.
#
#  Out of Memory Error (./src/hotspot/share/memory/arena.cpp:197), pid=10768, tid=11984
#
# JRE version: OpenJDK Runtime Environment (11.0.10) (build 11.0.10+0-b96-7249189)
# Java VM: OpenJDK 64-Bit Server VM (11.0.10+0-b96-7249189, mixed mode, tiered, compressed oops, g1 gc, windows-amd64)
# No core dump will be written. Minidumps are not enabled by default on client versions of Windows
#

---------------  S U M M A R Y ------------

Command Line: --add-opens=java.base/java.util=ALL-UNNAMED --add-opens=java.base/java.lang=ALL-UNNAMED --add-opens=java.base/java.lang.invoke=ALL-UNNAMED --add-opens=java.base/java.util=ALL-UNNAMED --add-opens=java.prefs/java.util.prefs=ALL-UNNAMED --add-opens=java.prefs/java.util.prefs=ALL-UNNAMED --add-opens=java.base/java.nio.charset=ALL-UNNAMED --add-opens=java.base/java.net=ALL-UNNAMED --add-opens=java.base/java.util.concurrent.atomic=ALL-UNNAMED -Xmx2048m -Dfile.encoding=UTF-8 -Duser.country=RU -Duser.language=ru -Duser.variant org.gradle.launcher.daemon.bootstrap.GradleDaemon 7.0.2

Host: AMD FX-8320E Eight-Core Processor              , 8 cores, 7G,  Windows 10 , 64 bit Build 19041 (10.0.19041.1348)
Time: Wed Nov 17 10:42:15 2021 Астраханское стандартное время elapsed time: 1421.179545 seconds (0d 0h 23m 41s)

---------------  T H R E A D  ---------------

Current thread (0x0000019ac240c800):  JavaThread "C2 CompilerThread0" daemon [_thread_in_native, id=11984, stack(0x0000001bbd700000,0x0000001bbd800000)]


Current CompileTask:
C2:1421179 18655  s!   4       jdk.internal.loader.URLClassPath::getLoader (194 bytes)

Stack: [0x0000001bbd700000,0x0000001bbd800000]
Native frames: (J=compiled Java code, j=interpreted, Vv=VM code, C=native code)
V  [jvm.dll+0x5ecfaa]
V  [jvm.dll+0x722bd5]
V  [jvm.dll+0x72412d]
V  [jvm.dll+0x7247e3]
V  [jvm.dll+0x242928]
V  [jvm.dll+0xbc4fc]
V  [jvm.dll+0xbca0c]
V  [jvm.dll+0x352d3b]
V  [jvm.dll+0x320ad3]
V  [jvm.dll+0x31ffca]
V  [jvm.dll+0x1fb602]
V  [jvm.dll+0x1fa7f4]
V  [jvm.dll+0x18354c]
V  [jvm.dll+0x208ee7]
V  [jvm.dll+0x207731]
V  [jvm.dll+0x6eb1cf]
V  [jvm.dll+0x6e3d45]
V  [jvm.dll+0x5ebe96]
C  [ucrtbase.dll+0x21bb2]
C  [KERNEL32.DLL+0x17034]
C  [ntdll.dll+0x52651]


---------------  P R O C E S S  ---------------

Threads class SMR info:
_java_thread_list=0x0000019acf923cc0, length=76, elements={
0x0000019aa5fa2800, 0x0000019ac23e6000, 0x0000019ac23ea000, 0x0000019ac2404800,
0x0000019ac2407000, 0x0000019ac2408000, 0x0000019ac240c800, 0x0000019ac2415800,
0x0000019ac241e000, 0x0000019ac2ecf000, 0x0000019ac6259800, 0x0000019ac5ac0800,
0x0000019ac5f35800, 0x0000019ac4d46800, 0x0000019ac4d45000, 0x0000019ac5378800,
0x0000019ac5372800, 0x0000019ac5379000, 0x0000019ac537a000, 0x0000019ac5375000,
0x0000019ac537b800, 0x0000019ac5376000, 0x0000019ac5380800, 0x0000019ac6ae8800,
0x0000019ac6aeb000, 0x0000019ac6aec800, 0x0000019ac6ae7000, 0x0000019ac6af2800,
0x0000019ac6af1000, 0x0000019aca51e800, 0x0000019aca517000, 0x0000019aca518000,
0x0000019aca516800, 0x0000019aca512000, 0x0000019aca513000, 0x0000019aca515800,
0x0000019aca514800, 0x0000019aca519000, 0x0000019aca51f800, 0x0000019aca51c000,
0x0000019aca51a800, 0x0000019aca520000, 0x0000019aca51d000, 0x0000019aca521000,
0x0000019aca51b000, 0x0000019aca51d800, 0x0000019ac6aea000, 0x0000019ac6ae9800,
0x0000019ac6aec000, 0x0000019ac6ae6000, 0x0000019ac6aed800, 0x0000019ac6ae8000,
0x0000019ac6af4000, 0x0000019ac6af0000, 0x0000019ac6aee800, 0x0000019ac6af5000,
0x0000019ac6aef000, 0x0000019ac6af1800, 0x0000019ac5376800, 0x0000019ac5373800,
0x0000019ac537d000, 0x0000019ac537f000, 0x0000019ac537f800, 0x0000019ac4d45800,
0x0000019ac4d47000, 0x0000019ac5381800, 0x0000019acb901800, 0x0000019acb900800,
0x0000019acb8ff800, 0x0000019acb902000, 0x0000019acb903000, 0x0000019acb8fd800,
0x0000019acb8fe000, 0x0000019acb907000, 0x0000019acb906800, 0x0000019acb905800
}

Java Threads: ( => current thread )
  0x0000019aa5fa2800 JavaThread "main" [_thread_blocked, id=9160, stack(0x0000001bbcb00000,0x0000001bbcc00000)]
  0x0000019ac23e6000 JavaThread "Reference Handler" daemon [_thread_blocked, id=13164, stack(0x0000001bbd200000,0x0000001bbd300000)]
  0x0000019ac23ea000 JavaThread "Finalizer" daemon [_thread_blocked, id=3484, stack(0x0000001bbd300000,0x0000001bbd400000)]
  0x0000019ac2404800 JavaThread "Signal Dispatcher" daemon [_thread_blocked, id=13668, stack(0x0000001bbd400000,0x0000001bbd500000)]
  0x0000019ac2407000 JavaThread "Attach Listener" daemon [_thread_blocked, id=3584, stack(0x0000001bbd500000,0x0000001bbd600000)]
  0x0000019ac2408000 JavaThread "Service Thread" daemon [_thread_blocked, id=10764, stack(0x0000001bbd600000,0x0000001bbd700000)]
=>0x0000019ac240c800 JavaThread "C2 CompilerThread0" daemon [_thread_in_native, id=11984, stack(0x0000001bbd700000,0x0000001bbd800000)]
  0x0000019ac2415800 JavaThread "C1 CompilerThread0" daemon [_thread_in_native, id=9520, stack(0x0000001bbd800000,0x0000001bbd900000)]
  0x0000019ac241e000 JavaThread "Sweeper thread" daemon [_thread_blocked, id=5600, stack(0x0000001bbd900000,0x0000001bbda00000)]
  0x0000019ac2ecf000 JavaThread "Common-Cleaner" daemon [_thread_blocked, id=10572, stack(0x0000001bbda00000,0x0000001bbdb00000)]
  0x0000019ac6259800 JavaThread "Daemon health stats" [_thread_blocked, id=13556, stack(0x0000001bbe000000,0x0000001bbe100000)]
  0x0000019ac5ac0800 JavaThread "Incoming local TCP Connector on port 7014" [_thread_in_native, id=10508, stack(0x0000001bbdc00000,0x0000001bbdd00000)]
  0x0000019ac5f35800 JavaThread "Daemon periodic checks" [_thread_blocked, id=11672, stack(0x0000001bbdf00000,0x0000001bbe000000)]
  0x0000019ac4d46800 JavaThread "Cache worker for file hash cache (C:\Users\Vladislav\.gradle\caches\7.0.2\fileHashes)" [_thread_blocked, id=7960, stack(0x0000001bbee00000,0x0000001bbef00000)]
  0x0000019ac4d45000 JavaThread "File lock request listener" [_thread_in_native, id=13292, stack(0x0000001bbef00000,0x0000001bbf000000)]
  0x0000019ac5378800 JavaThread "Cache worker for journal cache (C:\Users\Vladislav\.gradle\caches\journal-1)" [_thread_blocked, id=10464, stack(0x0000001bbf100000,0x0000001bbf200000)]
  0x0000019ac5372800 JavaThread "File watcher server" daemon [_thread_in_native, id=12800, stack(0x0000001bbf300000,0x0000001bbf400000)]
  0x0000019ac5379000 JavaThread "File watcher consumer" daemon [_thread_blocked, id=10900, stack(0x0000001bbf400000,0x0000001bbf500000)]
  0x0000019ac537a000 JavaThread "Cache worker for execution history cache (C:\Users\Vladislav\.gradle\caches\7.0.2\executionHistory)" [_thread_blocked, id=4416, stack(0x0000001bbf800000,0x0000001bbf900000)]
  0x0000019ac5375000 JavaThread "jar transforms" [_thread_blocked, id=12788, stack(0x0000001bbfa00000,0x0000001bbfb00000)]
  0x0000019ac537b800 JavaThread "jar transforms Thread 2" [_thread_blocked, id=9236, stack(0x0000001bbfb00000,0x0000001bbfc00000)]
  0x0000019ac5376000 JavaThread "Cache worker for file content cache (C:\Users\Vladislav\.gradle\caches\7.0.2\fileContent)" [_thread_blocked, id=8372, stack(0x0000001bbfc00000,0x0000001bbfd00000)]
  0x0000019ac5380800 JavaThread "jar transforms Thread 3" [_thread_blocked, id=12188, stack(0x0000001bbfe00000,0x0000001bbff00000)]
  0x0000019ac6ae8800 JavaThread "jar transforms Thread 4" [_thread_blocked, id=8932, stack(0x0000001bc0800000,0x0000001bc0900000)]
  0x0000019ac6aeb000 JavaThread "jar transforms Thread 5" [_thread_blocked, id=2236, stack(0x0000001bc0900000,0x0000001bc0a00000)]
  0x0000019ac6aec800 JavaThread "jar transforms Thread 6" [_thread_blocked, id=6316, stack(0x0000001bc0a00000,0x0000001bc0b00000)]
  0x0000019ac6ae7000 JavaThread "jar transforms Thread 7" [_thread_blocked, id=4320, stack(0x0000001bc0b00000,0x0000001bc0c00000)]
  0x0000019ac6af2800 JavaThread "jar transforms Thread 8" [_thread_blocked, id=8908, stack(0x0000001bc0c00000,0x0000001bc0d00000)]
  0x0000019ac6af1000 JavaThread "Memory manager" [_thread_blocked, id=5128, stack(0x0000001bbf900000,0x0000001bbfa00000)]
  0x0000019aca51e800 JavaThread "ForkJoinPool.commonPool-worker-7" daemon [_thread_blocked, id=2536, stack(0x0000001bc1c00000,0x0000001bc1d00000)]
  0x0000019aca517000 JavaThread "Daemon Thread 2" [_thread_blocked, id=6460, stack(0x0000001bbc800000,0x0000001bbc900000)]
  0x0000019aca518000 JavaThread "Handler for socket connection from /127.0.0.1:7014 to /127.0.0.1:7182" [_thread_in_native, id=4460, stack(0x0000001bbc900000,0x0000001bbca00000)]
  0x0000019aca516800 JavaThread "Cancel handler" [_thread_blocked, id=4928, stack(0x0000001bbca00000,0x0000001bbcb00000)]
  0x0000019aca512000 JavaThread "Daemon worker Thread 2" [_thread_blocked, id=12344, stack(0x0000001bbe100000,0x0000001bbe200000)]
  0x0000019aca513000 JavaThread "Asynchronous log dispatcher for DefaultDaemonConnection: socket connection from /127.0.0.1:7014 to /127.0.0.1:7182" [_thread_blocked, id=2760, stack(0x0000001bbe200000,0x0000001bbe300000)]
  0x0000019aca515800 JavaThread "Stdin handler" [_thread_blocked, id=9264, stack(0x0000001bbe300000,0x0000001bbe400000)]
  0x0000019aca514800 JavaThread "Daemon client event forwarder" [_thread_blocked, id=2740, stack(0x0000001bbe400000,0x0000001bbe500000)]
  0x0000019aca519000 JavaThread "Cache worker for file hash cache (E:\Android Studio Labs\BodySum\.gradle\7.0.2\fileHashes)" [_thread_blocked, id=9200, stack(0x0000001bbe500000,0x0000001bbe600000)]
  0x0000019aca51f800 JavaThread "Cache worker for checksums cache (E:\Android Studio Labs\BodySum\.gradle\checksums)" [_thread_blocked, id=1020, stack(0x0000001bbe800000,0x0000001bbe900000)]
  0x0000019aca51c000 JavaThread "Cache worker for cache directory md-supplier (C:\Users\Vladislav\.gradle\caches\7.0.2\md-supplier)" [_thread_blocked, id=14148, stack(0x0000001bbf200000,0x0000001bbf300000)]
  0x0000019aca51a800 JavaThread "Cache worker for cache directory md-rule (C:\Users\Vladislav\.gradle\caches\7.0.2\md-rule)" [_thread_blocked, id=3432, stack(0x0000001bbf500000,0x0000001bbf600000)]
  0x0000019aca520000 JavaThread "Cache worker for dependencies-accessors (E:\Android Studio Labs\BodySum\.gradle\7.0.2\dependencies-accessors)" [_thread_blocked, id=13056, stack(0x0000001bbf600000,0x0000001bbf700000)]
  0x0000019aca51d000 JavaThread "Cache worker for Build Output Cleanup Cache (E:\Android Studio Labs\BodySum\.gradle\buildOutputCleanup)" [_thread_blocked, id=4408, stack(0x0000001bbf700000,0x0000001bbf800000)]
  0x0000019aca521000 JavaThread "Build operations" [_thread_blocked, id=13528, stack(0x0000001bbfd00000,0x0000001bbfe00000)]
  0x0000019aca51b000 JavaThread "Build operations Thread 2" [_thread_blocked, id=3092, stack(0x0000001bbff00000,0x0000001bc0000000)]
  0x0000019aca51d800 JavaThread "Build operations Thread 3" [_thread_blocked, id=7268, stack(0x0000001bc0000000,0x0000001bc0100000)]
  0x0000019ac6aea000 JavaThread "Build operations Thread 4" [_thread_blocked, id=6204, stack(0x0000001bc0100000,0x0000001bc0200000)]
  0x0000019ac6ae9800 JavaThread "Build operations Thread 5" [_thread_blocked, id=13940, stack(0x0000001bc0200000,0x0000001bc0300000)]
  0x0000019ac6aec000 JavaThread "Build operations Thread 6" [_thread_blocked, id=13832, stack(0x0000001bc0300000,0x0000001bc0400000)]
  0x0000019ac6ae6000 JavaThread "Build operations Thread 7" [_thread_blocked, id=6804, stack(0x0000001bc0400000,0x0000001bc0500000)]
  0x0000019ac6aed800 JavaThread "Build operations Thread 8" [_thread_blocked, id=13748, stack(0x0000001bc0500000,0x0000001bc0600000)]
  0x0000019ac6ae8000 JavaThread "build event listener" [_thread_blocked, id=10152, stack(0x0000001bc0600000,0x0000001bc0700000)]
  0x0000019ac6af4000 JavaThread "Execution worker for ':'" [_thread_blocked, id=8644, stack(0x0000001bc0700000,0x0000001bc0800000)]
  0x0000019ac6af0000 JavaThread "Execution worker for ':' Thread 2" [_thread_blocked, id=12076, stack(0x0000001bc0d00000,0x0000001bc0e00000)]
  0x0000019ac6aee800 JavaThread "Execution worker for ':' Thread 3" [_thread_blocked, id=12436, stack(0x0000001bc0e00000,0x0000001bc0f00000)]
  0x0000019ac6af5000 JavaThread "Execution worker for ':' Thread 4" [_thread_blocked, id=12608, stack(0x0000001bc0f00000,0x0000001bc1000000)]
  0x0000019ac6aef000 JavaThread "Execution worker for ':' Thread 5" [_thread_blocked, id=12128, stack(0x0000001bc1000000,0x0000001bc1100000)]
  0x0000019ac6af1800 JavaThread "Execution worker for ':' Thread 6" [_thread_blocked, id=6860, stack(0x0000001bc1100000,0x0000001bc1200000)]
  0x0000019ac5376800 JavaThread "Execution worker for ':' Thread 7" [_thread_blocked, id=13632, stack(0x0000001bc1200000,0x0000001bc1300000)]
  0x0000019ac5373800 JavaThread "Cache worker for execution history cache (E:\Android Studio Labs\BodySum\.gradle\7.0.2\executionHistory)" [_thread_blocked, id=12112, stack(0x0000001bc1300000,0x0000001bc1400000)]
  0x0000019ac537d000 JavaThread "WorkerExecutor Queue" [_thread_blocked, id=11500, stack(0x0000001bc1400000,0x0000001bc1500000)]
  0x0000019ac537f000 JavaThread "WorkerExecutor Queue Thread 3" [_thread_blocked, id=7420, stack(0x0000001bc1600000,0x0000001bc1700000)]
  0x0000019ac537f800 JavaThread "pool-6-thread-1" [_thread_blocked, id=6936, stack(0x0000001bc1700000,0x0000001bc1800000)]
  0x0000019ac4d45800 JavaThread "stderr" [_thread_in_native, id=9516, stack(0x0000001bc1800000,0x0000001bc1900000)]
  0x0000019ac4d47000 JavaThread "stdout" [_thread_in_native, id=6404, stack(0x0000001bc1900000,0x0000001bc1a00000)]
  0x0000019ac5381800 JavaThread "Cache worker for Java compile cache (C:\Users\Vladislav\.gradle\caches\7.0.2\javaCompile)" [_thread_blocked, id=13324, stack(0x0000001bc1500000,0x0000001bc1600000)]
  0x0000019acb901800 JavaThread "Cache worker for Java compile cache (E:\Android Studio Labs\BodySum\.gradle\7.0.2\javaCompile)" [_thread_blocked, id=8196, stack(0x0000001bc1a00000,0x0000001bc1b00000)]
  0x0000019acb900800 JavaThread "C2 CompilerThread1" daemon [_thread_in_native, id=8140, stack(0x0000001bbe600000,0x0000001bbe700000)]
  0x0000019acb8ff800 JavaThread "C2 CompilerThread2" daemon [_thread_in_native, id=5592, stack(0x0000001bbe700000,0x0000001bbe800000)]
  0x0000019acb902000 JavaThread "WorkerExecutor Queue Thread 4" [_thread_blocked, id=7748, stack(0x0000001bc1b00000,0x0000001bc1c00000)]
  0x0000019acb903000 JavaThread "WorkerExecutor Queue Thread 5" [_thread_in_vm, id=2520, stack(0x0000001bc1d00000,0x0000001bc1e00000)]
  0x0000019acb8fd800 JavaThread "WorkerExecutor Queue Thread 6" [_thread_blocked, id=4376, stack(0x0000001bc1e00000,0x0000001bc1f00000)]
  0x0000019acb8fe000 JavaThread "WorkerExecutor Queue Thread 7" [_thread_in_Java, id=6792, stack(0x0000001bc1f00000,0x0000001bc2000000)]
  0x0000019acb907000 JavaThread "WorkerExecutor Queue Thread 8" [_thread_in_Java, id=6620, stack(0x0000001bc2000000,0x0000001bc2100000)]
  0x0000019acb906800 JavaThread "WorkerExecutor Queue Thread 9" [_thread_in_Java, id=2388, stack(0x0000001bc2100000,0x0000001bc2200000)]
  0x0000019acb905800 JavaThread "WorkerExecutor Queue Thread 10" [_thread_blocked, id=5948, stack(0x0000001bc2900000,0x0000001bc2a00000)]

Other Threads:
  0x0000019ac23e1000 VMThread "VM Thread" [stack: 0x0000001bbd100000,0x0000001bbd200000] [id=12568]
  0x0000019ac2ef0000 WatcherThread [stack: 0x0000001bbdb00000,0x0000001bbdc00000] [id=2456]
  0x0000019aa5fb8800 GCTaskThread "GC Thread#0" [stack: 0x0000001bbcc00000,0x0000001bbcd00000] [id=6780]
  0x0000019ac3aef800 GCTaskThread "GC Thread#1" [stack: 0x0000001bbdd00000,0x0000001bbde00000] [id=748]
  0x0000019ac3a68000 GCTaskThread "GC Thread#2" [stack: 0x0000001bbde00000,0x0000001bbdf00000] [id=10756]
  0x0000019ac5166800 GCTaskThread "GC Thread#3" [stack: 0x0000001bbe900000,0x0000001bbea00000] [id=13892]
  0x0000019ac4579000 GCTaskThread "GC Thread#4" [stack: 0x0000001bbea00000,0x0000001bbeb00000] [id=7480]
  0x0000019ac5a8d800 GCTaskThread "GC Thread#5" [stack: 0x0000001bbeb00000,0x0000001bbec00000] [id=13908]
  0x0000019ac43cd000 GCTaskThread "GC Thread#6" [stack: 0x0000001bbec00000,0x0000001bbed00000] [id=1364]
  0x0000019ac433a800 GCTaskThread "GC Thread#7" [stack: 0x0000001bbed00000,0x0000001bbee00000] [id=2336]
  0x0000019aa5fe9800 ConcurrentGCThread "G1 Main Marker" [stack: 0x0000001bbcd00000,0x0000001bbce00000] [id=392]
  0x0000019aa5fee000 ConcurrentGCThread "G1 Conc#0" [stack: 0x0000001bbce00000,0x0000001bbcf00000] [id=5748]
  0x0000019ac5695000 ConcurrentGCThread "G1 Conc#1" [stack: 0x0000001bbf000000,0x0000001bbf100000] [id=12396]
  0x0000019ac2230800 ConcurrentGCThread "G1 Refine#0" [stack: 0x0000001bbcf00000,0x0000001bbd000000] [id=6400]
  0x0000019acba93000 ConcurrentGCThread "G1 Refine#1" [stack: 0x0000001bc2200000,0x0000001bc2300000] [id=13864]
  0x0000019acb802000 ConcurrentGCThread "G1 Refine#2" [stack: 0x0000001bc2300000,0x0000001bc2400000] [id=10176]
  0x0000019ac6512800 ConcurrentGCThread "G1 Refine#3" [stack: 0x0000001bc2400000,0x0000001bc2500000] [id=13216]
  0x0000019ac849a800 ConcurrentGCThread "G1 Refine#4" [stack: 0x0000001bc2500000,0x0000001bc2600000] [id=10108]
  0x0000019aca4bf800 ConcurrentGCThread "G1 Refine#5" [stack: 0x0000001bc2600000,0x0000001bc2700000] [id=4628]
  0x0000019ac6185800 ConcurrentGCThread "G1 Refine#6" [stack: 0x0000001bc2700000,0x0000001bc2800000] [id=12276]
  0x0000019ac6188800 ConcurrentGCThread "G1 Refine#7" [stack: 0x0000001bc2800000,0x0000001bc2900000] [id=5584]
  0x0000019ac2231000 ConcurrentGCThread "G1 Young RemSet Sampling" [stack: 0x0000001bbd000000,0x0000001bbd100000] [id=3956]

Threads with active compile tasks:
C2 CompilerThread01421255 18655  s!   4       jdk.internal.loader.URLClassPath::getLoader (194 bytes)
C1 CompilerThread01421256 18784   !   3       com.android.tools.r8.ir.conversion.k::a (509 bytes)
C2 CompilerThread11421256 18740       4       jdk.internal.org.objectweb.asm.MethodWriter::visitMethodInsn (228 bytes)
C2 CompilerThread21421256 18701       4       sun.invoke.util.VerifyAccess::isClassAccessible (182 bytes)

VM state:not at safepoint (normal execution)

VM Mutex/Monitor currently owned by a thread:  ([mutex/lock_event])
[0x0000019aa5fa0080] MethodData_lock - owner thread: 0x0000019acb8fe000

Heap address: 0x0000000080000000, size: 2048 MB, Compressed Oops mode: 32-bit
Narrow klass base: 0x0000000000000000, Narrow klass shift: 3
Compressed class space size: 1073741824 Address: 0x0000000100000000

Heap:
 garbage-first heap   total 235520K, used 151671K [0x0000000080000000, 0x0000000100000000)
  region size 1024K, 56 young (57344K), 2 survivors (2048K)
 Metaspace       used 117409K, capacity 120563K, committed 120652K, reserved 1165312K
  class space    used 14937K, capacity 16157K, committed 16204K, reserved 1048576K
Heap Regions: E=young(eden), S=young(survivor), O=old, HS=humongous(starts), HC=humongous(continues), CS=collection set, F=free, A=archive, TAMS=top-at-mark-start (previous, next)
|   0|0x0000000080000000, 0x0000000080100000, 0x0000000080100000|100%| O|  |TAMS 0x0000000080100000, 0x0000000080000000| Untracked 
|   1|0x0000000080100000, 0x0000000080200000, 0x0000000080200000|100%| O|  |TAMS 0x0000000080200000, 0x0000000080100000| Untracked 
|   2|0x0000000080200000, 0x0000000080300000, 0x0000000080300000|100%| O|  |TAMS 0x0000000080300000, 0x0000000080200000| Untracked 
|   3|0x0000000080300000, 0x0000000080400000, 0x0000000080400000|100%|HS|  |TAMS 0x0000000080400000, 0x0000000080300000| Complete 
|   4|0x0000000080400000, 0x0000000080500000, 0x0000000080500000|100%|HC|  |TAMS 0x0000000080500000, 0x0000000080400000| Complete 
|   5|0x0000000080500000, 0x0000000080600000, 0x0000000080600000|100%|HC|  |TAMS 0x0000000080600000, 0x0000000080500000| Complete 
|   6|0x0000000080600000, 0x0000000080700000, 0x0000000080700000|100%| O|  |TAMS 0x0000000080700000, 0x0000000080600000| Untracked 
|   7|0x0000000080700000, 0x0000000080800000, 0x0000000080800000|100%| O|  |TAMS 0x0000000080800000, 0x0000000080700000| Untracked 
|   8|0x0000000080800000, 0x0000000080900000, 0x0000000080900000|100%| O|  |TAMS 0x0000000080900000, 0x0000000080800000| Untracked 
|   9|0x0000000080900000, 0x0000000080a00000, 0x0000000080a00000|100%| O|  |TAMS 0x0000000080a00000, 0x0000000080900000| Untracked 
|  10|0x0000000080a00000, 0x0000000080b00000, 0x0000000080b00000|100%| O|  |TAMS 0x0000000080b00000, 0x0000000080a00000| Untracked 
|  11|0x0000000080b00000, 0x0000000080c00000, 0x0000000080c00000|100%| O|  |TAMS 0x0000000080c00000, 0x0000000080b00000| Untracked 
|  12|0x0000000080c00000, 0x0000000080d00000, 0x0000000080d00000|100%| O|  |TAMS 0x0000000080d00000, 0x0000000080c00000| Untracked 
|  13|0x0000000080d00000, 0x0000000080e00000, 0x0000000080e00000|100%| O|  |TAMS 0x0000000080e00000, 0x0000000080d00000| Untracked 
|  14|0x0000000080e00000, 0x0000000080f00000, 0x0000000080f00000|100%| O|  |TAMS 0x0000000080f00000, 0x0000000080e00000| Untracked 
|  15|0x0000000080f00000, 0x0000000081000000, 0x0000000081000000|100%| O|  |TAMS 0x0000000081000000, 0x0000000080f00000| Untracked 
|  16|0x0000000081000000, 0x0000000081100000, 0x0000000081100000|100%| O|  |TAMS 0x0000000081100000, 0x0000000081000000| Untracked 
|  17|0x0000000081100000, 0x0000000081200000, 0x0000000081200000|100%| O|  |TAMS 0x0000000081200000, 0x0000000081100000| Untracked 
|  18|0x0000000081200000, 0x0000000081300000, 0x0000000081300000|100%| O|  |TAMS 0x0000000081300000, 0x0000000081200000| Untracked 
|  19|0x0000000081300000, 0x0000000081400000, 0x0000000081400000|100%|HS|  |TAMS 0x0000000081400000, 0x0000000081300000| Complete 
|  20|0x0000000081400000, 0x0000000081500000, 0x0000000081500000|100%|HS|  |TAMS 0x0000000081500000, 0x0000000081400000| Complete 
|  21|0x0000000081500000, 0x0000000081600000, 0x0000000081600000|100%| O|  |TAMS 0x0000000081600000, 0x0000000081500000| Untracked 
|  22|0x0000000081600000, 0x0000000081700000, 0x0000000081700000|100%| O|  |TAMS 0x0000000081700000, 0x0000000081600000| Untracked 
|  23|0x0000000081700000, 0x0000000081800000, 0x0000000081800000|100%| O|  |TAMS 0x0000000081800000, 0x0000000081700000| Untracked 
|  24|0x0000000081800000, 0x0000000081900000, 0x0000000081900000|100%| O|  |TAMS 0x0000000081900000, 0x0000000081800000| Untracked 
|  25|0x0000000081900000, 0x0000000081a00000, 0x0000000081a00000|100%|HS|  |TAMS 0x0000000081a00000, 0x0000000081900000| Complete 
|  26|0x0000000081a00000, 0x0000000081b00000, 0x0000000081b00000|100%|HC|  |TAMS 0x0000000081b00000, 0x0000000081a00000| Complete 
|  27|0x0000000081b00000, 0x0000000081c00000, 0x0000000081c00000|100%| O|  |TAMS 0x0000000081c00000, 0x0000000081b00000| Untracked 
|  28|0x0000000081c00000, 0x0000000081d00000, 0x0000000081d00000|100%| O|  |TAMS 0x0000000081d00000, 0x0000000081c00000| Untracked 
|  29|0x0000000081d00000, 0x0000000081e00000, 0x0000000081e00000|100%| O|  |TAMS 0x0000000081e00000, 0x0000000081d00000| Untracked 
|  30|0x0000000081e00000, 0x0000000081f00000, 0x0000000081f00000|100%| O|  |TAMS 0x0000000081f00000, 0x0000000081e00000| Untracked 
|  31|0x0000000081f00000, 0x0000000082000000, 0x0000000082000000|100%| O|  |TAMS 0x0000000082000000, 0x0000000081f00000| Untracked 
|  32|0x0000000082000000, 0x0000000082100000, 0x0000000082100000|100%| O|  |TAMS 0x0000000082100000, 0x0000000082000000| Untracked 
|  33|0x0000000082100000, 0x0000000082200000, 0x0000000082200000|100%| O|  |TAMS 0x0000000082200000, 0x0000000082100000| Untracked 
|  34|0x0000000082200000, 0x0000000082300000, 0x0000000082300000|100%| O|  |TAMS 0x0000000082300000, 0x0000000082200000| Untracked 
|  35|0x0000000082300000, 0x0000000082400000, 0x0000000082400000|100%| O|  |TAMS 0x0000000082400000, 0x0000000082300000| Untracked 
|  36|0x0000000082400000, 0x0000000082500000, 0x0000000082500000|100%| O|  |TAMS 0x0000000082500000, 0x0000000082400000| Untracked 
|  37|0x0000000082500000, 0x0000000082600000, 0x0000000082600000|100%| O|  |TAMS 0x0000000082600000, 0x0000000082500000| Untracked 
|  38|0x0000000082600000, 0x0000000082700000, 0x0000000082700000|100%| O|  |TAMS 0x0000000082700000, 0x0000000082600000| Untracked 
|  39|0x0000000082700000, 0x0000000082800000, 0x0000000082800000|100%| O|  |TAMS 0x0000000082800000, 0x0000000082700000| Untracked 
|  40|0x0000000082800000, 0x0000000082900000, 0x0000000082900000|100%| O|  |TAMS 0x0000000082900000, 0x0000000082800000| Untracked 
|  41|0x0000000082900000, 0x0000000082a00000, 0x0000000082a00000|100%| O|  |TAMS 0x0000000082a00000, 0x0000000082900000| Untracked 
|  42|0x0000000082a00000, 0x0000000082b00000, 0x0000000082b00000|100%| O|  |TAMS 0x0000000082b00000, 0x0000000082a00000| Untracked 
|  43|0x0000000082b00000, 0x0000000082c00000, 0x0000000082c00000|100%| O|  |TAMS 0x0000000082c00000, 0x0000000082b00000| Untracked 
|  44|0x0000000082c00000, 0x0000000082d00000, 0x0000000082d00000|100%| O|  |TAMS 0x0000000082d00000, 0x0000000082c00000| Untracked 
|  45|0x0000000082d00000, 0x0000000082e00000, 0x0000000082e00000|100%| O|  |TAMS 0x0000000082e00000, 0x0000000082d00000| Untracked 
|  46|0x0000000082e00000, 0x0000000082f00000, 0x0000000082f00000|100%| O|  |TAMS 0x0000000082f00000, 0x0000000082e00000| Untracked 
|  47|0x0000000082f00000, 0x0000000083000000, 0x0000000083000000|100%| O|  |TAMS 0x0000000083000000, 0x0000000082f00000| Untracked 
|  48|0x0000000083000000, 0x0000000083100000, 0x0000000083100000|100%| O|  |TAMS 0x0000000083100000, 0x0000000083000000| Untracked 
|  49|0x0000000083100000, 0x0000000083200000, 0x0000000083200000|100%| O|  |TAMS 0x0000000083200000, 0x0000000083100000| Untracked 
|  50|0x0000000083200000, 0x0000000083300000, 0x0000000083300000|100%| O|  |TAMS 0x0000000083300000, 0x0000000083200000| Untracked 
|  51|0x0000000083300000, 0x0000000083400000, 0x0000000083400000|100%| O|  |TAMS 0x0000000083400000, 0x0000000083300000| Untracked 
|  52|0x0000000083400000, 0x0000000083500000, 0x0000000083500000|100%| O|  |TAMS 0x0000000083500000, 0x0000000083400000| Untracked 
|  53|0x0000000083500000, 0x0000000083600000, 0x0000000083600000|100%| O|  |TAMS 0x0000000083600000, 0x0000000083500000| Untracked 
|  54|0x0000000083600000, 0x0000000083700000, 0x0000000083700000|100%| O|  |TAMS 0x0000000083700000, 0x0000000083600000| Untracked 
|  55|0x0000000083700000, 0x0000000083800000, 0x0000000083800000|100%| O|  |TAMS 0x0000000083800000, 0x0000000083700000| Untracked 
|  56|0x0000000083800000, 0x0000000083900000, 0x0000000083900000|100%| O|  |TAMS 0x0000000083900000, 0x0000000083800000| Untracked 
|  57|0x0000000083900000, 0x0000000083a00000, 0x0000000083a00000|100%| O|  |TAMS 0x0000000083900000, 0x0000000083900000| Untracked 
|  58|0x0000000083a00000, 0x0000000083b00000, 0x0000000083b00000|100%| O|  |TAMS 0x0000000083b00000, 0x0000000083a00000| Untracked 
|  59|0x0000000083b00000, 0x0000000083b00000, 0x0000000083c00000|  0%| F|  |TAMS 0x0000000083b00000, 0x0000000083b00000| Untracked 
|  60|0x0000000083c00000, 0x0000000083c00000, 0x0000000083d00000|  0%| F|  |TAMS 0x0000000083c00000, 0x0000000083c00000| Untracked 
|  61|0x0000000083d00000, 0x0000000083e00000, 0x0000000083e00000|100%| O|  |TAMS 0x0000000083e00000, 0x0000000083d00000| Untracked 
|  62|0x0000000083e00000, 0x0000000083f00000, 0x0000000083f00000|100%| O|  |TAMS 0x0000000083e00000, 0x0000000083e00000| Untracked 
|  63|0x0000000083f00000, 0x0000000084000000, 0x0000000084000000|100%| O|  |TAMS 0x0000000084000000, 0x0000000083f00000| Untracked 
|  64|0x0000000084000000, 0x0000000084100000, 0x0000000084100000|100%| O|  |TAMS 0x0000000084000000, 0x0000000084000000| Untracked 
|  65|0x0000000084100000, 0x0000000084200000, 0x0000000084200000|100%| O|  |TAMS 0x0000000084200000, 0x0000000084100000| Untracked 
|  66|0x0000000084200000, 0x0000000084300000, 0x0000000084300000|100%| O|  |TAMS 0x0000000084300000, 0x0000000084200000| Untracked 
|  67|0x0000000084300000, 0x0000000084400000, 0x0000000084400000|100%| O|  |TAMS 0x0000000084400000, 0x0000000084300000| Untracked 
|  68|0x0000000084400000, 0x0000000084500000, 0x0000000084500000|100%| O|  |TAMS 0x0000000084400000, 0x0000000084400000| Untracked 
|  69|0x0000000084500000, 0x0000000084600000, 0x0000000084600000|100%| O|  |TAMS 0x0000000084500000, 0x0000000084500000| Untracked 
|  70|0x0000000084600000, 0x0000000084630e00, 0x0000000084700000| 19%| O|  |TAMS 0x0000000084600000, 0x0000000084600000| Untracked 
|  71|0x0000000084700000, 0x0000000084800000, 0x0000000084800000|100%| O|  |TAMS 0x0000000084800000, 0x0000000084700000| Untracked 
|  72|0x0000000084800000, 0x0000000084900000, 0x0000000084900000|100%| O|  |TAMS 0x0000000084900000, 0x0000000084800000| Untracked 
|  73|0x0000000084900000, 0x0000000084a00000, 0x0000000084a00000|100%| O|  |TAMS 0x0000000084a00000, 0x0000000084900000| Untracked 
|  74|0x0000000084a00000, 0x0000000084b00000, 0x0000000084b00000|100%| O|  |TAMS 0x0000000084b00000, 0x0000000084a00000| Untracked 
|  75|0x0000000084b00000, 0x0000000084c00000, 0x0000000084c00000|100%| O|  |TAMS 0x0000000084c00000, 0x0000000084b00000| Untracked 
|  76|0x0000000084c00000, 0x0000000084d00000, 0x0000000084d00000|100%| O|  |TAMS 0x0000000084d00000, 0x0000000084c00000| Untracked 
|  77|0x0000000084d00000, 0x0000000084d00000, 0x0000000084e00000|  0%| F|  |TAMS 0x0000000084d00000, 0x0000000084d00000| Untracked 
|  78|0x0000000084e00000, 0x0000000084f00000, 0x0000000084f00000|100%| O|  |TAMS 0x0000000084f00000, 0x0000000084e00000| Untracked 
|  79|0x0000000084f00000, 0x0000000084f00000, 0x0000000085000000|  0%| F|  |TAMS 0x0000000084f00000, 0x0000000084f00000| Untracked 
|  80|0x0000000085000000, 0x0000000085000000, 0x0000000085100000|  0%| F|  |TAMS 0x0000000085000000, 0x0000000085000000| Untracked 
|  81|0x0000000085100000, 0x0000000085200000, 0x0000000085200000|100%| O|  |TAMS 0x0000000085200000, 0x0000000085100000| Untracked 
|  82|0x0000000085200000, 0x0000000085300000, 0x0000000085300000|100%| O|  |TAMS 0x0000000085300000, 0x0000000085200000| Untracked 
|  83|0x0000000085300000, 0x0000000085400000, 0x0000000085400000|100%| O|  |TAMS 0x0000000085400000, 0x0000000085300000| Untracked 
|  84|0x0000000085400000, 0x0000000085500000, 0x0000000085500000|100%| O|  |TAMS 0x0000000085500000, 0x0000000085400000| Untracked 
|  85|0x0000000085500000, 0x0000000085600000, 0x0000000085600000|100%| O|  |TAMS 0x0000000085600000, 0x0000000085500000| Untracked 
|  86|0x0000000085600000, 0x0000000085700000, 0x0000000085700000|100%| O|  |TAMS 0x0000000085700000, 0x0000000085600000| Untracked 
|  87|0x0000000085700000, 0x0000000085800000, 0x0000000085800000|100%|HS|  |TAMS 0x0000000085700000, 0x0000000085700000| Complete 
|  88|0x0000000085800000, 0x0000000085900000, 0x0000000085900000|100%|HC|  |TAMS 0x0000000085800000, 0x0000000085800000| Complete 
|  89|0x0000000085900000, 0x0000000085a00000, 0x0000000085a00000|100%| O|  |TAMS 0x0000000085a00000, 0x0000000085900000| Untracked 
|  90|0x0000000085a00000, 0x0000000085b00000, 0x0000000085b00000|100%| O|  |TAMS 0x0000000085b00000, 0x0000000085a00000| Untracked 
|  91|0x0000000085b00000, 0x0000000085c00000, 0x0000000085c00000|100%| O|  |TAMS 0x0000000085c00000, 0x0000000085b00000| Untracked 
|  92|0x0000000085c00000, 0x0000000085c00000, 0x0000000085d00000|  0%| F|  |TAMS 0x0000000085c00000, 0x0000000085c00000| Untracked 
|  93|0x0000000085d00000, 0x0000000085d00000, 0x0000000085e00000|  0%| F|  |TAMS 0x0000000085d00000, 0x0000000085d00000| Untracked 
|  94|0x0000000085e00000, 0x0000000085e00000, 0x0000000085f00000|  0%| F|  |TAMS 0x0000000085e00000, 0x0000000085e00000| Untracked 
|  95|0x0000000085f00000, 0x0000000086000000, 0x0000000086000000|100%| O|  |TAMS 0x0000000085fff600, 0x0000000085f00000| Untracked 
|  96|0x0000000086000000, 0x0000000086000000, 0x0000000086100000|  0%| F|  |TAMS 0x0000000086000000, 0x0000000086000000| Untracked 
|  97|0x0000000086100000, 0x0000000086100000, 0x0000000086200000|  0%| F|  |TAMS 0x0000000086100000, 0x0000000086100000| Untracked 
|  98|0x0000000086200000, 0x0000000086300000, 0x0000000086300000|100%| O|  |TAMS 0x0000000086300000, 0x0000000086200000| Untracked 
|  99|0x0000000086300000, 0x0000000086300000, 0x0000000086400000|  0%| F|  |TAMS 0x0000000086300000, 0x0000000086300000| Untracked 
| 100|0x0000000086400000, 0x0000000086400000, 0x0000000086500000|  0%| F|  |TAMS 0x0000000086400000, 0x0000000086400000| Untracked 
| 101|0x0000000086500000, 0x0000000086500000, 0x0000000086600000|  0%| F|  |TAMS 0x0000000086500000, 0x0000000086500000| Untracked 
| 102|0x0000000086600000, 0x0000000086600000, 0x0000000086700000|  0%| F|  |TAMS 0x0000000086600000, 0x0000000086600000| Untracked 
| 103|0x0000000086700000, 0x0000000086700000, 0x0000000086800000|  0%| F|  |TAMS 0x0000000086700000, 0x0000000086700000| Untracked 
| 104|0x0000000086800000, 0x0000000086900000, 0x0000000086900000|100%| O|  |TAMS 0x0000000086900000, 0x0000000086800000| Untracked 
| 105|0x0000000086900000, 0x0000000086a00000, 0x0000000086a00000|100%| O|  |TAMS 0x0000000086a00000, 0x0000000086900000| Untracked 
| 106|0x0000000086a00000, 0x0000000086a00000, 0x0000000086b00000|  0%| F|  |TAMS 0x0000000086a00000, 0x0000000086a00000| Untracked 
| 107|0x0000000086b00000, 0x0000000086b00000, 0x0000000086c00000|  0%| F|  |TAMS 0x0000000086b00000, 0x0000000086b00000| Untracked 
| 108|0x0000000086c00000, 0x0000000086d00000, 0x0000000086d00000|100%| O|  |TAMS 0x0000000086d00000, 0x0000000086c00000| Untracked 
| 109|0x0000000086d00000, 0x0000000086d00000, 0x0000000086e00000|  0%| F|  |TAMS 0x0000000086d00000, 0x0000000086d00000| Untracked 
| 110|0x0000000086e00000, 0x0000000086f00000, 0x0000000086f00000|100%| O|  |TAMS 0x0000000086f00000, 0x0000000086e00000| Untracked 
| 111|0x0000000086f00000, 0x0000000086f00000, 0x0000000087000000|  0%| F|  |TAMS 0x0000000086f00000, 0x0000000086f00000| Untracked 
| 112|0x0000000087000000, 0x0000000087000000, 0x0000000087100000|  0%| F|  |TAMS 0x0000000087000000, 0x0000000087000000| Untracked 
| 113|0x0000000087100000, 0x0000000087100000, 0x0000000087200000|  0%| F|  |TAMS 0x0000000087100000, 0x0000000087100000| Untracked 
| 114|0x0000000087200000, 0x0000000087200000, 0x0000000087300000|  0%| F|  |TAMS 0x0000000087200000, 0x0000000087200000| Untracked 
| 115|0x0000000087300000, 0x0000000087300000, 0x0000000087400000|  0%| F|  |TAMS 0x0000000087300000, 0x0000000087300000| Untracked 
| 116|0x0000000087400000, 0x0000000087400000, 0x0000000087500000|  0%| F|  |TAMS 0x0000000087400000, 0x0000000087400000| Untracked 
| 117|0x0000000087500000, 0x0000000087500000, 0x0000000087600000|  0%| F|  |TAMS 0x0000000087500000, 0x0000000087500000| Untracked 
| 118|0x0000000087600000, 0x0000000087600000, 0x0000000087700000|  0%| F|  |TAMS 0x0000000087600000, 0x0000000087600000| Untracked 
| 119|0x0000000087700000, 0x0000000087700000, 0x0000000087800000|  0%| F|  |TAMS 0x0000000087700000, 0x0000000087700000| Untracked 
| 120|0x0000000087800000, 0x0000000087800000, 0x0000000087900000|  0%| F|  |TAMS 0x0000000087800000, 0x0000000087800000| Untracked 
| 121|0x0000000087900000, 0x0000000087900000, 0x0000000087a00000|  0%| F|  |TAMS 0x0000000087900000, 0x0000000087900000| Untracked 
| 122|0x0000000087a00000, 0x0000000087a00000, 0x0000000087b00000|  0%| F|  |TAMS 0x0000000087a00000, 0x0000000087a00000| Untracked 
| 123|0x0000000087b00000, 0x0000000087b00000, 0x0000000087c00000|  0%| F|  |TAMS 0x0000000087b00000, 0x0000000087b00000| Untracked 
| 124|0x0000000087c00000, 0x0000000087c00000, 0x0000000087d00000|  0%| F|  |TAMS 0x0000000087c00000, 0x0000000087c00000| Untracked 
| 125|0x0000000087d00000, 0x0000000087d00000, 0x0000000087e00000|  0%| F|  |TAMS 0x0000000087d00000, 0x0000000087d00000| Untracked 
| 126|0x0000000087e00000, 0x0000000087e00000, 0x0000000087f00000|  0%| F|  |TAMS 0x0000000087e00000, 0x0000000087e00000| Untracked 
| 127|0x0000000087f00000, 0x0000000087f00000, 0x0000000088000000|  0%| F|  |TAMS 0x0000000087f00000, 0x0000000087f00000| Untracked 
| 128|0x0000000088000000, 0x0000000088000000, 0x0000000088100000|  0%| F|  |TAMS 0x0000000088000000, 0x0000000088000000| Untracked 
| 129|0x0000000088100000, 0x0000000088100000, 0x0000000088200000|  0%| F|  |TAMS 0x0000000088100000, 0x0000000088100000| Untracked 
| 130|0x0000000088200000, 0x0000000088200000, 0x0000000088300000|  0%| F|  |TAMS 0x0000000088200000, 0x0000000088200000| Untracked 
| 131|0x0000000088300000, 0x0000000088300000, 0x0000000088400000|  0%| F|  |TAMS 0x0000000088300000, 0x0000000088300000| Untracked 
| 132|0x0000000088400000, 0x0000000088400000, 0x0000000088500000|  0%| F|  |TAMS 0x0000000088400000, 0x0000000088400000| Untracked 
| 133|0x0000000088500000, 0x0000000088500000, 0x0000000088600000|  0%| F|  |TAMS 0x0000000088500000, 0x0000000088500000| Untracked 
| 134|0x0000000088600000, 0x0000000088600000, 0x0000000088700000|  0%| F|  |TAMS 0x0000000088600000, 0x0000000088600000| Untracked 
| 135|0x0000000088700000, 0x0000000088700000, 0x0000000088800000|  0%| F|  |TAMS 0x0000000088700000, 0x0000000088700000| Untracked 
| 136|0x0000000088800000, 0x0000000088800000, 0x0000000088900000|  0%| F|  |TAMS 0x0000000088800000, 0x0000000088800000| Untracked 
| 137|0x0000000088900000, 0x0000000088900000, 0x0000000088a00000|  0%| F|  |TAMS 0x0000000088900000, 0x0000000088900000| Untracked 
| 138|0x0000000088a00000, 0x0000000088a00000, 0x0000000088b00000|  0%| F|  |TAMS 0x0000000088a00000, 0x0000000088a00000| Untracked 
| 139|0x0000000088b00000, 0x0000000088b00000, 0x0000000088c00000|  0%| F|  |TAMS 0x0000000088b00000, 0x0000000088b00000| Untracked 
| 140|0x0000000088c00000, 0x0000000088c00000, 0x0000000088d00000|  0%| F|  |TAMS 0x0000000088c00000, 0x0000000088c00000| Untracked 
| 141|0x0000000088d00000, 0x0000000088d00000, 0x0000000088e00000|  0%| F|  |TAMS 0x0000000088d00000, 0x0000000088d00000| Untracked 
| 142|0x0000000088e00000, 0x0000000088e00000, 0x0000000088f00000|  0%| F|  |TAMS 0x0000000088e00000, 0x0000000088e00000| Untracked 
| 143|0x0000000088f00000, 0x0000000088f00000, 0x0000000089000000|  0%| F|  |TAMS 0x0000000088f00000, 0x0000000088f00000| Untracked 
| 144|0x0000000089000000, 0x0000000089000000, 0x0000000089100000|  0%| F|  |TAMS 0x0000000089000000, 0x0000000089000000| Untracked 
| 145|0x0000000089100000, 0x0000000089100000, 0x0000000089200000|  0%| F|  |TAMS 0x0000000089100000, 0x0000000089100000| Untracked 
| 146|0x0000000089200000, 0x0000000089200000, 0x0000000089300000|  0%| F|  |TAMS 0x0000000089200000, 0x0000000089200000| Untracked 
| 147|0x0000000089300000, 0x0000000089300000, 0x0000000089400000|  0%| F|  |TAMS 0x0000000089300000, 0x0000000089300000| Untracked 
| 148|0x0000000089400000, 0x0000000089400000, 0x0000000089500000|  0%| F|  |TAMS 0x0000000089400000, 0x0000000089400000| Untracked 
| 149|0x0000000089500000, 0x0000000089600000, 0x0000000089600000|100%| O|  |TAMS 0x0000000089600000, 0x0000000089500000| Untracked 
| 150|0x0000000089600000, 0x0000000089600000, 0x0000000089700000|  0%| F|  |TAMS 0x0000000089600000, 0x0000000089600000| Untracked 
| 151|0x0000000089700000, 0x0000000089700000, 0x0000000089800000|  0%| F|  |TAMS 0x0000000089700000, 0x0000000089700000| Untracked 
| 152|0x0000000089800000, 0x0000000089800000, 0x0000000089900000|  0%| F|  |TAMS 0x0000000089800000, 0x0000000089800000| Untracked 
| 153|0x0000000089900000, 0x0000000089900000, 0x0000000089a00000|  0%| F|  |TAMS 0x0000000089900000, 0x0000000089900000| Untracked 
| 154|0x0000000089a00000, 0x0000000089a00000, 0x0000000089b00000|  0%| F|  |TAMS 0x0000000089a00000, 0x0000000089a00000| Untracked 
| 155|0x0000000089b00000, 0x0000000089b00000, 0x0000000089c00000|  0%| F|  |TAMS 0x0000000089b00000, 0x0000000089b00000| Untracked 
| 156|0x0000000089c00000, 0x0000000089c00000, 0x0000000089d00000|  0%| F|  |TAMS 0x0000000089c00000, 0x0000000089c00000| Untracked 
| 157|0x0000000089d00000, 0x0000000089d00000, 0x0000000089e00000|  0%| F|  |TAMS 0x0000000089d00000, 0x0000000089d00000| Untracked 
| 158|0x0000000089e00000, 0x0000000089e00000, 0x0000000089f00000|  0%| F|  |TAMS 0x0000000089e00000, 0x0000000089e00000| Untracked 
| 159|0x0000000089f00000, 0x0000000089f00000, 0x000000008a000000|  0%| F|  |TAMS 0x0000000089f00000, 0x0000000089f00000| Untracked 
| 160|0x000000008a000000, 0x000000008a000000, 0x000000008a100000|  0%| F|  |TAMS 0x000000008a000000, 0x000000008a000000| Untracked 
| 161|0x000000008a100000, 0x000000008a100000, 0x000000008a200000|  0%| F|  |TAMS 0x000000008a100000, 0x000000008a100000| Untracked 
| 162|0x000000008a200000, 0x000000008a200000, 0x000000008a300000|  0%| F|  |TAMS 0x000000008a200000, 0x000000008a200000| Untracked 
| 163|0x000000008a300000, 0x000000008a300000, 0x000000008a400000|  0%| F|  |TAMS 0x000000008a300000, 0x000000008a300000| Untracked 
| 164|0x000000008a400000, 0x000000008a400000, 0x000000008a500000|  0%| F|  |TAMS 0x000000008a400000, 0x000000008a400000| Untracked 
| 165|0x000000008a500000, 0x000000008a500000, 0x000000008a600000|  0%| F|  |TAMS 0x000000008a500000, 0x000000008a500000| Untracked 
| 166|0x000000008a600000, 0x000000008a600000, 0x000000008a700000|  0%| F|  |TAMS 0x000000008a600000, 0x000000008a600000| Untracked 
| 167|0x000000008a700000, 0x000000008a700000, 0x000000008a800000|  0%| F|  |TAMS 0x000000008a700000, 0x000000008a700000| Untracked 
| 168|0x000000008a800000, 0x000000008a800000, 0x000000008a900000|  0%| F|  |TAMS 0x000000008a800000, 0x000000008a800000| Untracked 
| 169|0x000000008a900000, 0x000000008a900000, 0x000000008aa00000|  0%| F|  |TAMS 0x000000008a900000, 0x000000008a900000| Untracked 
| 170|0x000000008aa00000, 0x000000008aa00000, 0x000000008ab00000|  0%| F|  |TAMS 0x000000008aa00000, 0x000000008aa00000| Untracked 
| 171|0x000000008ab00000, 0x000000008ab00000, 0x000000008ac00000|  0%| F|  |TAMS 0x000000008ab00000, 0x000000008ab00000| Untracked 
| 172|0x000000008ac00000, 0x000000008ac72428, 0x000000008ad00000| 44%| E|  |TAMS 0x000000008ac00000, 0x000000008ac00000| Complete 
| 173|0x000000008ad00000, 0x000000008ae00000, 0x000000008ae00000|100%| E|CS|TAMS 0x000000008ad00000, 0x000000008ad00000| Complete 
| 174|0x000000008ae00000, 0x000000008af00000, 0x000000008af00000|100%| E|CS|TAMS 0x000000008ae00000, 0x000000008ae00000| Complete 
| 175|0x000000008af00000, 0x000000008b000000, 0x000000008b000000|100%| E|CS|TAMS 0x000000008af00000, 0x000000008af00000| Complete 
| 176|0x000000008b000000, 0x000000008b100000, 0x000000008b100000|100%| E|CS|TAMS 0x000000008b000000, 0x000000008b000000| Complete 
| 177|0x000000008b100000, 0x000000008b200000, 0x000000008b200000|100%| E|CS|TAMS 0x000000008b100000, 0x000000008b100000| Complete 
| 178|0x000000008b200000, 0x000000008b300000, 0x000000008b300000|100%| E|CS|TAMS 0x000000008b200000, 0x000000008b200000| Complete 
| 179|0x000000008b300000, 0x000000008b400000, 0x000000008b400000|100%| E|CS|TAMS 0x000000008b300000, 0x000000008b300000| Complete 
| 180|0x000000008b400000, 0x000000008b500000, 0x000000008b500000|100%| E|CS|TAMS 0x000000008b400000, 0x000000008b400000| Complete 
| 181|0x000000008b500000, 0x000000008b600000, 0x000000008b600000|100%| E|CS|TAMS 0x000000008b500000, 0x000000008b500000| Complete 
| 182|0x000000008b600000, 0x000000008b700000, 0x000000008b700000|100%| E|CS|TAMS 0x000000008b600000, 0x000000008b600000| Complete 
| 183|0x000000008b700000, 0x000000008b800000, 0x000000008b800000|100%| E|CS|TAMS 0x000000008b700000, 0x000000008b700000| Complete 
| 184|0x000000008b800000, 0x000000008b900000, 0x000000008b900000|100%| E|CS|TAMS 0x000000008b800000, 0x000000008b800000| Complete 
| 185|0x000000008b900000, 0x000000008ba00000, 0x000000008ba00000|100%| E|CS|TAMS 0x000000008b900000, 0x000000008b900000| Complete 
| 186|0x000000008ba00000, 0x000000008bb00000, 0x000000008bb00000|100%| E|CS|TAMS 0x000000008ba00000, 0x000000008ba00000| Complete 
| 187|0x000000008bb00000, 0x000000008bc00000, 0x000000008bc00000|100%| E|CS|TAMS 0x000000008bb00000, 0x000000008bb00000| Complete 
| 188|0x000000008bc00000, 0x000000008bd00000, 0x000000008bd00000|100%| E|CS|TAMS 0x000000008bc00000, 0x000000008bc00000| Complete 
| 189|0x000000008bd00000, 0x000000008be00000, 0x000000008be00000|100%| E|CS|TAMS 0x000000008bd00000, 0x000000008bd00000| Complete 
| 190|0x000000008be00000, 0x000000008bf00000, 0x000000008bf00000|100%| E|CS|TAMS 0x000000008be00000, 0x000000008be00000| Complete 
| 191|0x000000008bf00000, 0x000000008c000000, 0x000000008c000000|100%| E|CS|TAMS 0x000000008bf00000, 0x000000008bf00000| Complete 
| 192|0x000000008c000000, 0x000000008c100000, 0x000000008c100000|100%| E|CS|TAMS 0x000000008c000000, 0x000000008c000000| Complete 
| 193|0x000000008c100000, 0x000000008c200000, 0x000000008c200000|100%| E|CS|TAMS 0x000000008c100000, 0x000000008c100000| Complete 
| 194|0x000000008c200000, 0x000000008c300000, 0x000000008c300000|100%| E|CS|TAMS 0x000000008c200000, 0x000000008c200000| Complete 
| 195|0x000000008c300000, 0x000000008c400000, 0x000000008c400000|100%| E|CS|TAMS 0x000000008c300000, 0x000000008c300000| Complete 
| 196|0x000000008c400000, 0x000000008c500000, 0x000000008c500000|100%| E|CS|TAMS 0x000000008c400000, 0x000000008c400000| Complete 
| 197|0x000000008c500000, 0x000000008c600000, 0x000000008c600000|100%| E|CS|TAMS 0x000000008c500000, 0x000000008c500000| Complete 
| 198|0x000000008c600000, 0x000000008c700000, 0x000000008c700000|100%| E|CS|TAMS 0x000000008c600000, 0x000000008c600000| Complete 
| 199|0x000000008c700000, 0x000000008c800000, 0x000000008c800000|100%| E|CS|TAMS 0x000000008c700000, 0x000000008c700000| Complete 
| 200|0x000000008c800000, 0x000000008c900000, 0x000000008c900000|100%| E|CS|TAMS 0x000000008c800000, 0x000000008c800000| Complete 
| 201|0x000000008c900000, 0x000000008ca00000, 0x000000008ca00000|100%| E|CS|TAMS 0x000000008c900000, 0x000000008c900000| Complete 
| 202|0x000000008ca00000, 0x000000008cb00000, 0x000000008cb00000|100%| E|CS|TAMS 0x000000008ca00000, 0x000000008ca00000| Complete 
| 203|0x000000008cb00000, 0x000000008cc00000, 0x000000008cc00000|100%| E|CS|TAMS 0x000000008cb00000, 0x000000008cb00000| Complete 
| 204|0x000000008cc00000, 0x000000008cd00000, 0x000000008cd00000|100%| E|CS|TAMS 0x000000008cc00000, 0x000000008cc00000| Complete 
| 205|0x000000008cd00000, 0x000000008ce00000, 0x000000008ce00000|100%| E|CS|TAMS 0x000000008cd00000, 0x000000008cd00000| Complete 
| 206|0x000000008ce00000, 0x000000008cf00000, 0x000000008cf00000|100%| E|CS|TAMS 0x000000008ce00000, 0x000000008ce00000| Complete 
| 207|0x000000008cf00000, 0x000000008d000000, 0x000000008d000000|100%| E|CS|TAMS 0x000000008cf00000, 0x000000008cf00000| Complete 
| 208|0x000000008d000000, 0x000000008d100000, 0x000000008d100000|100%| E|CS|TAMS 0x000000008d000000, 0x000000008d000000| Complete 
| 209|0x000000008d100000, 0x000000008d200000, 0x000000008d200000|100%| E|CS|TAMS 0x000000008d100000, 0x000000008d100000| Complete 
| 210|0x000000008d200000, 0x000000008d300000, 0x000000008d300000|100%| E|CS|TAMS 0x000000008d200000, 0x000000008d200000| Complete 
| 211|0x000000008d300000, 0x000000008d400000, 0x000000008d400000|100%| E|CS|TAMS 0x000000008d300000, 0x000000008d300000| Complete 
| 212|0x000000008d400000, 0x000000008d500000, 0x000000008d500000|100%| E|CS|TAMS 0x000000008d400000, 0x000000008d400000| Complete 
| 213|0x000000008d500000, 0x000000008d600000, 0x000000008d600000|100%| E|CS|TAMS 0x000000008d500000, 0x000000008d500000| Complete 
| 214|0x000000008d600000, 0x000000008d700000, 0x000000008d700000|100%| E|CS|TAMS 0x000000008d600000, 0x000000008d600000| Complete 
| 215|0x000000008d700000, 0x000000008d800000, 0x000000008d800000|100%| E|CS|TAMS 0x000000008d700000, 0x000000008d700000| Complete 
| 216|0x000000008d800000, 0x000000008d900000, 0x000000008d900000|100%| E|CS|TAMS 0x000000008d800000, 0x000000008d800000| Complete 
| 217|0x000000008d900000, 0x000000008da00000, 0x000000008da00000|100%| E|CS|TAMS 0x000000008d900000, 0x000000008d900000| Complete 
| 218|0x000000008da00000, 0x000000008db00000, 0x000000008db00000|100%| E|CS|TAMS 0x000000008da00000, 0x000000008da00000| Complete 
| 219|0x000000008db00000, 0x000000008dc00000, 0x000000008dc00000|100%| E|CS|TAMS 0x000000008db00000, 0x000000008db00000| Complete 
| 220|0x000000008dc00000, 0x000000008dd00000, 0x000000008dd00000|100%| E|CS|TAMS 0x000000008dc00000, 0x000000008dc00000| Complete 
| 221|0x000000008dd00000, 0x000000008de00000, 0x000000008de00000|100%| E|CS|TAMS 0x000000008dd00000, 0x000000008dd00000| Complete 
| 222|0x000000008de00000, 0x000000008df00000, 0x000000008df00000|100%| E|CS|TAMS 0x000000008de00000, 0x000000008de00000| Complete 
| 223|0x000000008df00000, 0x000000008dfecf40, 0x000000008e000000| 92%| S|CS|TAMS 0x000000008df00000, 0x000000008df00000| Complete 
| 224|0x000000008e000000, 0x000000008e100000, 0x000000008e100000|100%| S|CS|TAMS 0x000000008e000000, 0x000000008e000000| Complete 
| 225|0x000000008e100000, 0x000000008e200000, 0x000000008e200000|100%| E|CS|TAMS 0x000000008e100000, 0x000000008e100000| Complete 
| 226|0x000000008e200000, 0x000000008e300000, 0x000000008e300000|100%| E|CS|TAMS 0x000000008e200000, 0x000000008e200000| Complete 
| 227|0x000000008e300000, 0x000000008e400000, 0x000000008e400000|100%| E|CS|TAMS 0x000000008e300000, 0x000000008e300000| Complete 
| 228|0x000000008e400000, 0x000000008e500000, 0x000000008e500000|100%| E|CS|TAMS 0x000000008e400000, 0x000000008e400000| Complete 
| 229|0x000000008e500000, 0x000000008e600000, 0x000000008e600000|100%| E|CS|TAMS 0x000000008e500000, 0x000000008e500000| Complete 

Card table byte_map: [0x0000019abb110000,0x0000019abb510000] _byte_map_base: 0x0000019abad10000

Marking Bits (Prev, Next): (CMBitMap*) 0x0000019aa5fe0e70, (CMBitMap*) 0x0000019aa5fe0e38
 Prev Bits: [0x0000019abd910000, 0x0000019abf910000)
 Next Bits: [0x0000019abb910000, 0x0000019abd910000)

Polling page: 0x0000019aa5e70000

Metaspace:

Usage:
  Non-class:    102.10 MB capacity,   100.14 MB ( 98%) used,     1.57 MB (  2%) free+waste,   391.31 KB ( <1%) overhead. 
      Class:     15.79 MB capacity,    14.60 MB ( 92%) used,     1.02 MB (  6%) free+waste,   177.38 KB (  1%) overhead. 
       Both:    117.89 MB capacity,   114.74 MB ( 97%) used,     2.59 MB (  2%) free+waste,   568.69 KB ( <1%) overhead. 

Virtual space:
  Non-class space:      114.00 MB reserved,     102.25 MB ( 90%) committed 
      Class space:        1.00 GB reserved,      15.82 MB (  2%) committed 
             Both:        1.11 GB reserved,     118.07 MB ( 10%) committed 

Chunk freelists:
   Non-Class:  24.00 KB
       Class:  0 bytes
        Both:  24.00 KB

MaxMetaspaceSize: 17179869184.00 GB
CompressedClassSpaceSize: 1.00 GB

CodeHeap 'non-profiled nmethods': size=120000Kb used=11710Kb max_used=11710Kb free=108289Kb
 bounds [0x0000019ab2d70000, 0x0000019ab38e0000, 0x0000019aba2a0000]
CodeHeap 'profiled nmethods': size=120000Kb used=38526Kb max_used=38526Kb free=81473Kb
 bounds [0x0000019aab840000, 0x0000019aaddf0000, 0x0000019ab2d70000]
CodeHeap 'non-nmethods': size=5760Kb used=2343Kb max_used=2398Kb free=3416Kb
 bounds [0x0000019aab2a0000, 0x0000019aab510000, 0x0000019aab840000]
 total_blobs=18664 nmethods=17696 adapters=880
 compilation: enabled
              stopped_count=0, restarted_count=0
 full_count=0

Compilation events (20 events):
Event: 1421.139 Thread 0x0000019acb900800 18544       4       com.android.tools.r8.graph.X::g (62 bytes)
Event: 1421.147 Thread 0x0000019acb900800 nmethod 18544 0x0000019ab38c7390 code [0x0000019ab38c7560, 0x0000019ab38c7af8]
Event: 1421.147 Thread 0x0000019acb900800 18640       4       java.util.Collections$UnmodifiableCollection::<init> (22 bytes)
Event: 1421.149 Thread 0x0000019acb900800 nmethod 18640 0x0000019ab38c7e90 code [0x0000019ab38c8020, 0x0000019ab38c8158]
Event: 1421.149 Thread 0x0000019acb900800 18629       4       com.android.tools.r8.graph.e::A (8 bytes)
Event: 1421.150 Thread 0x0000019acb900800 nmethod 18629 0x0000019ab38c8210 code [0x0000019ab38c83a0, 0x0000019ab38c8438]
Event: 1421.150 Thread 0x0000019acb900800 18619  s    4       com.android.tools.r8.graph.P::p0 (32 bytes)
Event: 1421.166 Thread 0x0000019ac2415800 18671   !   3       java.lang.invoke.DirectMethodHandle::makePreparedLambdaForm (787 bytes)
Event: 1421.167 Thread 0x0000019acb900800 nmethod 18619 0x0000019ab38c8510 code [0x0000019ab38c86e0, 0x0000019ab38c9158]
Event: 1421.167 Thread 0x0000019acb900800 18559       4       java.lang.String::toCharArray (25 bytes)
Event: 1421.169 Thread 0x0000019acb900800 nmethod 18559 0x0000019ab38c9290 code [0x0000019ab38c9440, 0x0000019ab38c95c8]
Event: 1421.169 Thread 0x0000019acb900800 18499       4       com.android.tools.r8.internal.p5::n (2 bytes)
Event: 1421.169 Thread 0x0000019acb900800 nmethod 18499 0x0000019ab38c9710 code [0x0000019ab38c98a0, 0x0000019ab38c98f8]
Event: 1421.169 Thread 0x0000019acb900800 18630       4       com.android.tools.r8.internal.s4::y (5 bytes)
Event: 1421.170 Thread 0x0000019acb900800 nmethod 18630 0x0000019ab38c9990 code [0x0000019ab38c9b20, 0x0000019ab38c9b98]
Event: 1421.171 Thread 0x0000019ac2415800 nmethod 18671 0x0000019aaddc2f90 code [0x0000019aaddc35a0, 0x0000019aaddc72d8]
Event: 1421.174 Thread 0x0000019ac2415800 18672       1       com.android.tools.r8.internal.s4::q (2 bytes)
Event: 1421.175 Thread 0x0000019ac2415800 nmethod 18672 0x0000019ab38c9c10 code [0x0000019ab38c9dc0, 0x0000019ab38c9e78]
Event: 1421.176 Thread 0x0000019ac2415800 18673       3       com.android.tools.r8.internal.s4::n (5 bytes)
Event: 1421.176 Thread 0x0000019ac2415800 nmethod 18673 0x0000019aaddc8690 code [0x0000019aaddc8840, 0x0000019aaddc8a38]

GC Heap History (20 events):
Event: 1401.510 GC heap before
{Heap before GC invocations=41 (full 0):
 garbage-first heap   total 235520K, used 109778K [0x0000000080000000, 0x0000000100000000)
  region size 1024K, 11 young (11264K), 1 survivors (1024K)
 Metaspace       used 97950K, capacity 100522K, committed 100812K, reserved 1136640K
  class space    used 12709K, capacity 13664K, committed 13772K, reserved 1048576K
}
Event: 1401.519 GC heap after
{Heap after GC invocations=42 (full 0):
 garbage-first heap   total 235520K, used 101603K [0x0000000080000000, 0x0000000100000000)
  region size 1024K, 2 young (2048K), 2 survivors (2048K)
 Metaspace       used 97950K, capacity 100522K, committed 100812K, reserved 1136640K
  class space    used 12709K, capacity 13664K, committed 13772K, reserved 1048576K
}
Event: 1401.549 GC heap before
{Heap before GC invocations=42 (full 0):
 garbage-first heap   total 235520K, used 102627K [0x0000000080000000, 0x0000000100000000)
  region size 1024K, 4 young (4096K), 2 survivors (2048K)
 Metaspace       used 97950K, capacity 100522K, committed 100812K, reserved 1136640K
  class space    used 12709K, capacity 13664K, committed 13772K, reserved 1048576K
}
Event: 1401.556 GC heap after
{Heap after GC invocations=43 (full 0):
 garbage-first heap   total 235520K, used 102724K [0x0000000080000000, 0x0000000100000000)
  region size 1024K, 4 young (4096K), 4 survivors (4096K)
 Metaspace       used 97950K, capacity 100522K, committed 100812K, reserved 1136640K
  class space    used 12709K, capacity 13664K, committed 13772K, reserved 1048576K
}
Event: 1402.512 GC heap before
{Heap before GC invocations=44 (full 0):
 garbage-first heap   total 235520K, used 164164K [0x0000000080000000, 0x0000000100000000)
  region size 1024K, 50 young (51200K), 4 survivors (4096K)
 Metaspace       used 101026K, capacity 103666K, committed 103884K, reserved 1138688K
  class space    used 12946K, capacity 13902K, committed 14028K, reserved 1048576K
}
Event: 1402.524 GC heap after
{Heap after GC invocations=45 (full 0):
 garbage-first heap   total 235520K, used 106802K [0x0000000080000000, 0x0000000100000000)
  region size 1024K, 7 young (7168K), 7 survivors (7168K)
 Metaspace       used 101026K, capacity 103666K, committed 103884K, reserved 1138688K
  class space    used 12946K, capacity 13902K, committed 14028K, reserved 1048576K
}
Event: 1402.646 GC heap before
{Heap before GC invocations=45 (full 0):
 garbage-first heap   total 235520K, used 109874K [0x0000000080000000, 0x0000000100000000)
  region size 1024K, 11 young (11264K), 7 survivors (7168K)
 Metaspace       used 101870K, capacity 104498K, committed 104652K, reserved 1140736K
  class space    used 13007K, capacity 13966K, committed 14028K, reserved 1048576K
}
Event: 1402.659 GC heap after
{Heap after GC invocations=46 (full 0):
 garbage-first heap   total 235520K, used 106640K [0x0000000080000000, 0x0000000100000000)
  region size 1024K, 2 young (2048K), 2 survivors (2048K)
 Metaspace       used 101870K, capacity 104498K, committed 104652K, reserved 1140736K
  class space    used 13007K, capacity 13966K, committed 14028K, reserved 1048576K
}
Event: 1417.711 GC heap before
{Heap before GC invocations=46 (full 0):
 garbage-first heap   total 235520K, used 156816K [0x0000000080000000, 0x0000000100000000)
  region size 1024K, 52 young (53248K), 2 survivors (2048K)
 Metaspace       used 104040K, capacity 106629K, committed 106956K, reserved 1142784K
  class space    used 13205K, capacity 14182K, committed 14284K, reserved 1048576K
}
Event: 1417.730 GC heap after
{Heap after GC invocations=47 (full 0):
 garbage-first heap   total 235520K, used 114825K [0x0000000080000000, 0x0000000100000000)
  region size 1024K, 7 young (7168K), 7 survivors (7168K)
 Metaspace       used 104040K, capacity 106629K, committed 106956K, reserved 1142784K
  class space    used 13205K, capacity 14182K, committed 14284K, reserved 1048576K
}
Event: 1418.417 GC heap before
{Heap before GC invocations=48 (full 0):
 garbage-first heap   total 235520K, used 155785K [0x0000000080000000, 0x0000000100000000)
  region size 1024K, 56 young (57344K), 7 survivors (7168K)
 Metaspace       used 105260K, capacity 107970K, committed 108108K, reserved 1142784K
  class space    used 13338K, capacity 14309K, committed 14412K, reserved 1048576K
}
Event: 1418.425 GC heap after
{Heap after GC invocations=49 (full 0):
 garbage-first heap   total 235520K, used 105456K [0x0000000080000000, 0x0000000100000000)
  region size 1024K, 4 young (4096K), 4 survivors (4096K)
 Metaspace       used 105260K, capacity 107970K, committed 108108K, reserved 1142784K
  class space    used 13338K, capacity 14309K, committed 14412K, reserved 1048576K
}
Event: 1418.628 GC heap before
{Heap before GC invocations=49 (full 0):
 garbage-first heap   total 235520K, used 111600K [0x0000000080000000, 0x0000000100000000)
  region size 1024K, 11 young (11264K), 4 survivors (4096K)
 Metaspace       used 105910K, capacity 108558K, committed 108748K, reserved 1142784K
  class space    used 13425K, capacity 14420K, committed 14540K, reserved 1048576K
}
Event: 1418.641 GC heap after
{Heap after GC invocations=50 (full 0):
 garbage-first heap   total 235520K, used 92157K [0x0000000080000000, 0x0000000100000000)
  region size 1024K, 1 young (1024K), 1 survivors (1024K)
 Metaspace       used 105910K, capacity 108558K, committed 108748K, reserved 1142784K
  class space    used 13425K, capacity 14420K, committed 14540K, reserved 1048576K
}
Event: 1419.245 GC heap before
{Heap before GC invocations=50 (full 0):
 garbage-first heap   total 235520K, used 113661K [0x0000000080000000, 0x0000000100000000)
  region size 1024K, 24 young (24576K), 1 survivors (1024K)
 Metaspace       used 111390K, capacity 114073K, committed 114252K, reserved 1148928K
  class space    used 14122K, capacity 15129K, committed 15180K, reserved 1048576K
}
Event: 1419.253 GC heap after
{Heap after GC invocations=51 (full 0):
 garbage-first heap   total 235520K, used 93169K [0x0000000080000000, 0x0000000100000000)
  region size 1024K, 2 young (2048K), 2 survivors (2048K)
 Metaspace       used 111390K, capacity 114073K, committed 114252K, reserved 1148928K
  class space    used 14122K, capacity 15129K, committed 15180K, reserved 1048576K
}
Event: 1420.799 GC heap before
{Heap before GC invocations=52 (full 0):
 garbage-first heap   total 235520K, used 163825K [0x0000000080000000, 0x0000000100000000)
  region size 1024K, 66 young (67584K), 2 survivors (2048K)
 Metaspace       used 113931K, capacity 116738K, committed 116812K, reserved 1150976K
  class space    used 14388K, capacity 15422K, committed 15436K, reserved 1048576K
}
Event: 1420.806 GC heap after
{Heap after GC invocations=53 (full 0):
 garbage-first heap   total 235520K, used 98627K [0x0000000080000000, 0x0000000100000000)
  region size 1024K, 6 young (6144K), 6 survivors (6144K)
 Metaspace       used 113931K, capacity 116738K, committed 116812K, reserved 1150976K
  class space    used 14388K, capacity 15422K, committed 15436K, reserved 1048576K
}
Event: 1420.867 GC heap before
{Heap before GC invocations=53 (full 0):
 garbage-first heap   total 235520K, used 102723K [0x0000000080000000, 0x0000000100000000)
  region size 1024K, 11 young (11264K), 6 survivors (6144K)
 Metaspace       used 114240K, capacity 117068K, committed 117196K, reserved 1150976K
  class space    used 14432K, capacity 15491K, committed 15564K, reserved 1048576K
}
Event: 1420.875 GC heap after
{Heap after GC invocations=54 (full 0):
 garbage-first heap   total 235520K, used 97399K [0x0000000080000000, 0x0000000100000000)
  region size 1024K, 2 young (2048K), 2 survivors (2048K)
 Metaspace       used 114240K, capacity 117068K, committed 117196K, reserved 1150976K
  class space    used 14432K, capacity 15491K, committed 15564K, reserved 1048576K
}

Deoptimization events (20 events):
Event: 1421.083 Thread 0x0000019acb902000 Uncommon trap: trap_request=0xffffff4d fr.pc=0x0000019ab3393d70 relative=0x0000000000000750
Event: 1421.083 Thread 0x0000019acb903000 Uncommon trap: trap_request=0xffffff4d fr.pc=0x0000019ab3393d70 relative=0x0000000000000750
Event: 1421.083 Thread 0x0000019acb902000 Uncommon trap: reason=unstable_if action=reinterpret pc=0x0000019ab3393d70 method=com.android.tools.r8.graph.P.u0()Z @ 8 c2
Event: 1421.083 Thread 0x0000019acb903000 Uncommon trap: reason=unstable_if action=reinterpret pc=0x0000019ab3393d70 method=com.android.tools.r8.graph.P.u0()Z @ 8 c2
Event: 1421.083 Thread 0x0000019acb902000 DEOPT PACKING pc=0x0000019ab3393d70 sp=0x0000001bc1bfce60
Event: 1421.083 Thread 0x0000019acb903000 DEOPT PACKING pc=0x0000019ab3393d70 sp=0x0000001bc1dfd030
Event: 1421.083 Thread 0x0000019acb902000 DEOPT UNPACKING pc=0x0000019aab2c73af sp=0x0000001bc1bfcdd0 mode 2
Event: 1421.083 Thread 0x0000019acb903000 DEOPT UNPACKING pc=0x0000019aab2c73af sp=0x0000001bc1dfcfa0 mode 2
Event: 1421.090 Thread 0x0000019acb906800 Uncommon trap: trap_request=0xffffff4d fr.pc=0x0000019ab3395064 relative=0x0000000000000144
Event: 1421.090 Thread 0x0000019acb906800 Uncommon trap: reason=unstable_if action=reinterpret pc=0x0000019ab3395064 method=com.android.tools.r8.graph.c0.a([B)Z @ 7 c2
Event: 1421.090 Thread 0x0000019acb906800 DEOPT PACKING pc=0x0000019ab3395064 sp=0x0000001bc21fcab0
Event: 1421.090 Thread 0x0000019acb906800 DEOPT UNPACKING pc=0x0000019aab2c73af sp=0x0000001bc21fca50 mode 2
Event: 1421.115 Thread 0x0000019acb902000 Uncommon trap: trap_request=0xffffffde fr.pc=0x0000019ab335c404 relative=0x00000000000001c4
Event: 1421.115 Thread 0x0000019acb902000 Uncommon trap: reason=class_check action=maybe_recompile pc=0x0000019ab335c404 method=com.android.tools.r8.internal.v.get(Ljava/lang/Object;)Ljava/lang/Object; @ 16 c2
Event: 1421.115 Thread 0x0000019acb902000 DEOPT PACKING pc=0x0000019ab335c404 sp=0x0000001bc1bfc860
Event: 1421.115 Thread 0x0000019acb902000 DEOPT UNPACKING pc=0x0000019aab2c73af sp=0x0000001bc1bfc7f8 mode 2
Event: 1421.173 Thread 0x0000019acb902000 Uncommon trap: trap_request=0xffffffde fr.pc=0x0000019ab335c404 relative=0x00000000000001c4
Event: 1421.173 Thread 0x0000019acb902000 Uncommon trap: reason=class_check action=maybe_recompile pc=0x0000019ab335c404 method=com.android.tools.r8.internal.v.get(Ljava/lang/Object;)Ljava/lang/Object; @ 16 c2
Event: 1421.173 Thread 0x0000019acb902000 DEOPT PACKING pc=0x0000019ab335c404 sp=0x0000001bc1bfc660
Event: 1421.173 Thread 0x0000019acb902000 DEOPT UNPACKING pc=0x0000019aab2c73af sp=0x0000001bc1bfc5f8 mode 2

Classes redefined (0 events):
No events

Internal exceptions (20 events):
Event: 1420.565 Thread 0x0000019aca514800 Exception <a 'java/lang/NoSuchMethodError'{0x000000008bc38a98}: <clinit>> (0x000000008bc38a98) thrown at [./src/hotspot/share/prims/jni.cpp, line 1362]
Event: 1420.725 Thread 0x0000019ac6af4000 Exception <a 'sun/nio/fs/WindowsException'{0x000000008af21f88}> (0x000000008af21f88) thrown at [./src/hotspot/share/prims/jni.cpp, line 615]
Event: 1420.747 Thread 0x0000019ac6af4000 Exception <a 'java/lang/NoSuchMethodError'{0x000000008afc2300}: <clinit>> (0x000000008afc2300) thrown at [./src/hotspot/share/prims/jni.cpp, line 1362]
Event: 1420.786 Thread 0x0000019acb903000 Exception <a 'sun/nio/fs/WindowsException'{0x000000008a9df8e8}> (0x000000008a9df8e8) thrown at [./src/hotspot/share/prims/jni.cpp, line 615]
Event: 1420.786 Thread 0x0000019acb902000 Exception <a 'sun/nio/fs/WindowsException'{0x000000008a918208}> (0x000000008a918208) thrown at [./src/hotspot/share/prims/jni.cpp, line 615]
Event: 1420.866 Thread 0x0000019acb903000 Exception <a 'java/lang/NoSuchMethodError'{0x000000008e1f10a8}: 'void java.lang.invoke.DirectMethodHandle$Holder.invokeStatic(java.lang.Object, java.lang.Object, int, java.lang.Object, java.lang.Object, java.lang.Object, java.lang.Object)'> (0x000000008e1f10a8) thrown at [./src/hotspot/share/interpreter/linkResolver.cpp, line 773]
Event: 1420.866 Thread 0x0000019acb902000 Exception <a 'java/lang/NoSuchMethodError'{0x000000008e1e1b38}: 'void java.lang.invoke.DirectMethodHandle$Holder.invokeStatic(java.lang.Object, java.lang.Object, int, java.lang.Object, java.lang.Object, java.lang.Object, java.lang.Object)'> (0x000000008e1e1b38) thrown at [./src/hotspot/share/interpreter/linkResolver.cpp, line 773]
Event: 1420.879 Thread 0x0000019acb902000 Exception <a 'java/lang/NoSuchMethodError'{0x000000008e56bd20}: 'long java.lang.invoke.DirectMethodHandle$Holder.invokeStatic(java.lang.Object, java.lang.Object)'> (0x000000008e56bd20) thrown at [./src/hotspot/share/interpreter/linkResolver.cpp, line 773]
Event: 1420.968 Thread 0x0000019acb903000 Exception <a 'java/lang/IncompatibleClassChangeError'{0x000000008d176c98}: Found class java.lang.Object, but interface was expected> (0x000000008d176c98) thrown at [./src/hotspot/share/interpreter/linkResolver.cpp, line 839]
Event: 1421.058 Thread 0x0000019acb903000 Exception <a 'java/lang/NoSuchMethodError'{0x000000008bb796e8}: 'java.lang.Object java.lang.invoke.DirectMethodHandle$Holder.invokeStatic(java.lang.Object, int, java.lang.Object, java.lang.Object)'> (0x000000008bb796e8) thrown at [./src/hotspot/share/interpreter/linkResolver.cpp, line 773]
Event: 1421.058 Thread 0x0000019acb902000 Exception <a 'java/lang/NoSuchMethodError'{0x000000008bc35000}: 'java.lang.Object java.lang.invoke.DirectMethodHandle$Holder.invokeStatic(java.lang.Object, int, java.lang.Object, java.lang.Object)'> (0x000000008bc35000) thrown at [./src/hotspot/share/interpreter/linkResolver.cpp, line 773]
Event: 1421.080 Thread 0x0000019acb903000 Exception <a 'java/lang/NoSuchMethodError'{0x000000008b8c76d0}: 'java.lang.Object java.lang.invoke.Invokers$Holder.linkToTargetMethod(java.lang.Object, java.lang.Object, java.lang.Object, java.lang.Object, java.lang.Object, java.lang.Object, java.lang.Object, java.lang.Object)'> (0x000000008b8c76d0) thrown at [./src/hotspot/share/interpreter/linkResolver.cpp, line 773]
Event: 1421.080 Thread 0x0000019acb8fd800 Exception <a 'java/lang/NoSuchMethodError'{0x000000008bacd408}: 'java.lang.Object java.lang.invoke.Invokers$Holder.linkToTargetMethod(java.lang.Object, java.lang.Object, java.lang.Object, java.lang.Object, java.lang.Object, java.lang.Object, java.lang.Object, java.lang.Object)'> (0x000000008bacd408) thrown at [./src/hotspot/share/interpreter/linkResolver.cpp, line 773]
Event: 1421.080 Thread 0x0000019acb906800 Exception <a 'java/lang/NoSuchMethodError'{0x000000008b8b66a0}: 'java.lang.Object java.lang.invoke.Invokers$Holder.linkToTargetMethod(java.lang.Object, java.lang.Object, java.lang.Object, java.lang.Object, java.lang.Object, java.lang.Object, java.lang.Object, java.lang.Object)'> (0x000000008b8b66a0) thrown at [./src/hotspot/share/interpreter/linkResolver.cpp, line 773]
Event: 1421.166 Thread 0x0000019acb906800 Exception <a 'java/lang/NoSuchMethodError'{0x000000008b597fd0}: 'java.lang.Object java.lang.invoke.DirectMethodHandle$Holder.invokeVirtual(java.lang.Object, java.lang.Object, int, java.lang.Object)'> (0x000000008b597fd0) thrown at [./src/hotspot/share/interpreter/linkResolver.cpp, line 773]
Event: 1421.166 Thread 0x0000019acb903000 Exception <a 'java/lang/NoSuchMethodError'{0x000000008b54c168}: 'java.lang.Object java.lang.invoke.DirectMethodHandle$Holder.invokeVirtual(java.lang.Object, java.lang.Object, int, java.lang.Object)'> (0x000000008b54c168) thrown at [./src/hotspot/share/interpreter/linkResolver.cpp, line 773]
Event: 1421.166 Thread 0x0000019acb8fd800 Exception <a 'java/lang/NoSuchMethodError'{0x000000008b40ddd0}: 'java.lang.Object java.lang.invoke.DirectMethodHandle$Holder.invokeVirtual(java.lang.Object, java.lang.Object, int, java.lang.Object)'> (0x000000008b40ddd0) thrown at [./src/hotspot/share/interpreter/linkResolver.cpp, line 773]
Event: 1421.166 Thread 0x0000019acb907000 Exception <a 'java/lang/NoSuchMethodError'{0x000000008b324c58}: 'java.lang.Object java.lang.invoke.DirectMethodHandle$Holder.invokeVirtual(java.lang.Object, java.lang.Object, int, java.lang.Object)'> (0x000000008b324c58) thrown at [./src/hotspot/share/interpreter/linkResolver.cpp, line 773]
Event: 1421.166 Thread 0x0000019acb902000 Exception <a 'java/lang/NoSuchMethodError'{0x000000008b5c8420}: 'java.lang.Object java.lang.invoke.DirectMethodHandle$Holder.invokeVirtual(java.lang.Object, java.lang.Object, int, java.lang.Object)'> (0x000000008b5c8420) thrown at [./src/hotspot/share/interpreter/linkResolver.cpp, line 773]
Event: 1421.168 Thread 0x0000019acb8fe000 Exception <a 'java/lang/NoSuchMethodError'{0x000000008b34bb78}: 'java.lang.Object java.lang.invoke.DirectMethodHandle$Holder.invokeVirtual(java.lang.Object, java.lang.Object, int, java.lang.Object)'> (0x000000008b34bb78) thrown at [./src/hotspot/share/interpreter/linkResolver.cpp, line 773]

Events (20 events):
Event: 1421.176 loading class com/android/tools/r8/internal/Vv
Event: 1421.176 loading class com/android/tools/r8/internal/Vv done
Event: 1421.176 loading class com/android/tools/r8/internal/Vv
Event: 1421.176 loading class com/android/tools/r8/internal/Vv done
Event: 1421.176 loading class com/android/tools/r8/internal/Vv
Event: 1421.176 loading class com/android/tools/r8/internal/Vv done
Event: 1421.176 loading class com/android/tools/r8/internal/aG
Event: 1421.176 loading class com/android/tools/r8/internal/aG done
Event: 1421.176 loading class com/android/tools/r8/internal/At
Event: 1421.176 loading class com/android/tools/r8/internal/At done
Event: 1421.176 loading class com/android/tools/r8/internal/aG
Event: 1421.176 loading class com/android/tools/r8/internal/aG done
Event: 1421.176 loading class com/android/tools/r8/internal/Vv
Event: 1421.176 loading class com/android/tools/r8/internal/Vv done
Event: 1421.176 loading class com/android/tools/r8/internal/Vv
Event: 1421.176 loading class com/android/tools/r8/internal/Vv done
Event: 1421.176 loading class com/android/tools/r8/internal/ej
Event: 1421.176 loading class com/android/tools/r8/internal/ej done
Event: 1421.176 loading class com/android/tools/r8/internal/Vv
Event: 1421.176 loading class com/android/tools/r8/internal/Vv done


Dynamic libraries:
0x00007ff7e9090000 - 0x00007ff7e909a000 	C:\Program Files\Android\Android Studio\jre\bin\java.exe
0x00007ffb34770000 - 0x00007ffb34965000 	C:\WINDOWS\SYSTEM32\ntdll.dll
0x00007ffb327c0000 - 0x00007ffb3287e000 	C:\WINDOWS\System32\KERNEL32.DLL
0x00007ffb32260000 - 0x00007ffb32528000 	C:\WINDOWS\System32\KERNELBASE.dll
0x00007ffb31f50000 - 0x00007ffb32050000 	C:\WINDOWS\System32\ucrtbase.dll
0x00007ffb28ef0000 - 0x00007ffb28f09000 	C:\Program Files\Android\Android Studio\jre\bin\jli.dll
0x00007ffb22fe0000 - 0x00007ffb22ff7000 	C:\Program Files\Android\Android Studio\jre\bin\VCRUNTIME140.dll
0x00007ffb33dc0000 - 0x00007ffb33f61000 	C:\WINDOWS\System32\USER32.dll
0x00007ffb32790000 - 0x00007ffb327b2000 	C:\WINDOWS\System32\win32u.dll
0x00007ffb23700000 - 0x00007ffb2399a000 	C:\WINDOWS\WinSxS\amd64_microsoft.windows.common-controls_6595b64144ccf1df_6.0.19041.1110_none_60b5254171f9507e\COMCTL32.dll
0x00007ffb337a0000 - 0x00007ffb337cb000 	C:\WINDOWS\System32\GDI32.dll
0x00007ffb33c40000 - 0x00007ffb33cde000 	C:\WINDOWS\System32\msvcrt.dll
0x00007ffb32590000 - 0x00007ffb3269b000 	C:\WINDOWS\System32\gdi32full.dll
0x00007ffb326a0000 - 0x00007ffb3273d000 	C:\WINDOWS\System32\msvcp_win.dll
0x00007ffb33d80000 - 0x00007ffb33db0000 	C:\WINDOWS\System32\IMM32.DLL
0x00007ffaf9960000 - 0x00007ffaf99fd000 	C:\Program Files\Android\Android Studio\jre\bin\msvcp140.dll
0x00007ffaf48b0000 - 0x00007ffaf537f000 	C:\Program Files\Android\Android Studio\jre\bin\server\jvm.dll
0x00007ffb32dd0000 - 0x00007ffb32e7c000 	C:\WINDOWS\System32\ADVAPI32.dll
0x00007ffb34690000 - 0x00007ffb3472b000 	C:\WINDOWS\System32\sechost.dll
0x00007ffb343b0000 - 0x00007ffb344da000 	C:\WINDOWS\System32\RPCRT4.dll
0x00007ffb33db0000 - 0x00007ffb33db8000 	C:\WINDOWS\System32\PSAPI.DLL
0x00007ffb25550000 - 0x00007ffb25577000 	C:\WINDOWS\SYSTEM32\WINMM.dll
0x00007ffb1c180000 - 0x00007ffb1c189000 	C:\WINDOWS\SYSTEM32\WSOCK32.dll
0x00007ffb32880000 - 0x00007ffb328eb000 	C:\WINDOWS\System32\WS2_32.dll
0x00007ffb2ac00000 - 0x00007ffb2ac0a000 	C:\WINDOWS\SYSTEM32\VERSION.dll
0x00007ffb2fc90000 - 0x00007ffb2fca2000 	C:\WINDOWS\SYSTEM32\kernel.appcore.dll
0x00007ffb2ca90000 - 0x00007ffb2caa1000 	C:\Program Files\Android\Android Studio\jre\bin\verify.dll
0x00007ffb202a0000 - 0x00007ffb20484000 	C:\WINDOWS\SYSTEM32\DBGHELP.DLL
0x00007ffb20d10000 - 0x00007ffb20d3c000 	C:\WINDOWS\SYSTEM32\dbgcore.DLL
0x00007ffb31ec0000 - 0x00007ffb31f43000 	C:\WINDOWS\System32\bcryptPrimitives.dll
0x00007ffb2b3a0000 - 0x00007ffb2b3c9000 	C:\Program Files\Android\Android Studio\jre\bin\java.dll
0x00007ffb2f960000 - 0x00007ffb2f96b000 	C:\Program Files\Android\Android Studio\jre\bin\jimage.dll
0x00007ffb2c2d0000 - 0x00007ffb2c2e8000 	C:\Program Files\Android\Android Studio\jre\bin\zip.dll
0x00007ffb32e80000 - 0x00007ffb335bf000 	C:\WINDOWS\System32\SHELL32.dll
0x00007ffb2ff70000 - 0x00007ffb30700000 	C:\WINDOWS\SYSTEM32\windows.storage.dll
0x00007ffb34050000 - 0x00007ffb343a5000 	C:\WINDOWS\System32\combase.dll
0x00007ffb31730000 - 0x00007ffb3175e000 	C:\WINDOWS\SYSTEM32\Wldp.dll
0x00007ffb337d0000 - 0x00007ffb3387d000 	C:\WINDOWS\System32\SHCORE.dll
0x00007ffb32d70000 - 0x00007ffb32dc5000 	C:\WINDOWS\System32\shlwapi.dll
0x00007ffb31dd0000 - 0x00007ffb31def000 	C:\WINDOWS\SYSTEM32\profapi.dll
0x00007ffb28420000 - 0x00007ffb2843a000 	C:\Program Files\Android\Android Studio\jre\bin\net.dll
0x00007ffb2bb40000 - 0x00007ffb2bc4c000 	C:\WINDOWS\SYSTEM32\WINHTTP.dll
0x00007ffb31510000 - 0x00007ffb3157a000 	C:\WINDOWS\system32\mswsock.dll
0x00007ffb27ea0000 - 0x00007ffb27eb4000 	C:\Program Files\Android\Android Studio\jre\bin\nio.dll
0x00007ffb2ada0000 - 0x00007ffb2adc7000 	C:\Users\Vladislav\.gradle\native\8bec1ad78214c89d9ad589b4d07fe93259594b29d510b10fafb7a158f7737e5d\windows-amd64\native-platform.dll
0x00007ffb001f0000 - 0x00007ffb0032d000 	C:\Users\Vladislav\.gradle\native\53dbd7edfb1c66fb8903c78663c9afc45aea4f116125fa6feffd364cf09443e8\windows-amd64\native-platform-file-events.dll
0x00007ffb2f700000 - 0x00007ffb2f70a000 	C:\Program Files\Android\Android Studio\jre\bin\management.dll
0x00007ffb2d760000 - 0x00007ffb2d76c000 	C:\Program Files\Android\Android Studio\jre\bin\management_ext.dll
0x00007ffb31a60000 - 0x00007ffb31a78000 	C:\WINDOWS\SYSTEM32\CRYPTSP.dll
0x00007ffb30eb0000 - 0x00007ffb30ee4000 	C:\WINDOWS\system32\rsaenh.dll
0x00007ffb31e90000 - 0x00007ffb31eb7000 	C:\WINDOWS\System32\bcrypt.dll
0x00007ffb31d50000 - 0x00007ffb31d7e000 	C:\WINDOWS\SYSTEM32\USERENV.dll
0x00007ffb316a0000 - 0x00007ffb316ac000 	C:\WINDOWS\SYSTEM32\CRYPTBASE.dll
0x00007ffb31220000 - 0x00007ffb3125b000 	C:\WINDOWS\SYSTEM32\IPHLPAPI.DLL
0x00007ffb33c30000 - 0x00007ffb33c38000 	C:\WINDOWS\System32\NSI.dll
0x00007ffb2b6a0000 - 0x00007ffb2b6b7000 	C:\WINDOWS\SYSTEM32\dhcpcsvc6.DLL
0x00007ffb2b600000 - 0x00007ffb2b61d000 	C:\WINDOWS\SYSTEM32\dhcpcsvc.DLL
0x00007ffb31260000 - 0x00007ffb3132b000 	C:\WINDOWS\SYSTEM32\DNSAPI.dll
0x00007ffb23590000 - 0x00007ffb235b7000 	C:\Program Files\Android\Android Studio\jre\bin\sunec.dll

dbghelp: loaded successfully - version: 4.0.5 - missing functions: none
symbol engine: initialized successfully - sym options: 0x614 - pdb path: .;C:\Program Files\Android\Android Studio\jre\bin;C:\WINDOWS\SYSTEM32;C:\WINDOWS\WinSxS\amd64_microsoft.windows.common-controls_6595b64144ccf1df_6.0.19041.1110_none_60b5254171f9507e;C:\Program Files\Android\Android Studio\jre\bin\server;C:\Users\Vladislav\.gradle\native\8bec1ad78214c89d9ad589b4d07fe93259594b29d510b10fafb7a158f7737e5d\windows-amd64;C:\Users\Vladislav\.gradle\native\53dbd7edfb1c66fb8903c78663c9afc45aea4f116125fa6feffd364cf09443e8\windows-amd64

VM Arguments:
jvm_args: --add-opens=java.base/java.util=ALL-UNNAMED --add-opens=java.base/java.lang=ALL-UNNAMED --add-opens=java.base/java.lang.invoke=ALL-UNNAMED --add-opens=java.base/java.util=ALL-UNNAMED --add-opens=java.prefs/java.util.prefs=ALL-UNNAMED --add-opens=java.prefs/java.util.prefs=ALL-UNNAMED --add-opens=java.base/java.nio.charset=ALL-UNNAMED --add-opens=java.base/java.net=ALL-UNNAMED --add-opens=java.base/java.util.concurrent.atomic=ALL-UNNAMED -Xmx2048m -Dfile.encoding=UTF-8 -Duser.country=RU -Duser.language=ru -Duser.variant 
java_command: org.gradle.launcher.daemon.bootstrap.GradleDaemon 7.0.2
java_class_path (initial): C:\Users\Vladislav\.gradle\wrapper\dists\gradle-7.0.2-bin\857tjihv64xamwrf0h14cai3r\gradle-7.0.2\lib\gradle-launcher-7.0.2.jar
Launcher Type: SUN_STANDARD

[Global flags]
     intx CICompilerCount                          = 4                                         {product} {ergonomic}
     uint ConcGCThreads                            = 2                                         {product} {ergonomic}
     uint G1ConcRefinementThreads                  = 8                                         {product} {ergonomic}
   size_t G1HeapRegionSize                         = 1048576                                   {product} {ergonomic}
    uintx GCDrainStackTargetSize                   = 64                                        {product} {ergonomic}
   size_t InitialHeapSize                          = 134217728                                 {product} {ergonomic}
   size_t MarkStackSize                            = 4194304                                   {product} {ergonomic}
   size_t MaxHeapSize                              = 2147483648                                {product} {command line}
   size_t MaxNewSize                               = 1287651328                                {product} {ergonomic}
   size_t MinHeapDeltaBytes                        = 1048576                                   {product} {ergonomic}
    uintx NonNMethodCodeHeapSize                   = 5836300                                {pd product} {ergonomic}
    uintx NonProfiledCodeHeapSize                  = 122910970                              {pd product} {ergonomic}
    uintx ProfiledCodeHeapSize                     = 122910970                              {pd product} {ergonomic}
    uintx ReservedCodeCacheSize                    = 251658240                              {pd product} {ergonomic}
     bool SegmentedCodeCache                       = true                                      {product} {ergonomic}
     bool UseCompressedClassPointers               = true                                 {lp64_product} {ergonomic}
     bool UseCompressedOops                        = true                                 {lp64_product} {ergonomic}
     bool UseG1GC                                  = true                                      {product} {ergonomic}
     bool UseLargePagesIndividualAllocation        = false                                  {pd product} {ergonomic}

Logging:
Log output configuration:
 #0: stdout all=warning uptime,level,tags
 #1: stderr all=off uptime,level,tags

Environment Variables:
JAVA_HOME=C:\Program Files\Android\Jdk\microsoft_dist_openjdk_1.8.0.25
PATH=C:\Program Files\Common Files\Oracle\Java\javapath;C:\Program Files (x86)\Common Files\Oracle\Java\javapath;C:\ProgramData\Oracle\Java\javapath;C:\Windows\system32;C:\Windows;C:\Windows\System32\Wbem;C:\Windows\System32\WindowsPowerShell\v1.0\;C:\Windows\System32\OpenSSH\;C:\Program Files (x86)\NVIDIA Corporation\PhysX\Common;C:\WINDOWS\system32;C:\WINDOWS;C:\WINDOWS\System32\Wbem;C:\WINDOWS\System32\WindowsPowerShell\v1.0\;C:\WINDOWS\System32\OpenSSH\;C:\Program Files\NVIDIA Corporation\NVIDIA NvDLISR;C:\Program Files\Microsoft SQL Server\130\Tools\Binn\;C:\Program Files\Microsoft SQL Server\Client SDK\ODBC\170\Tools\Binn\;C:\Program Files (x86)\Microsoft SQL Server\100\Tools\Binn\;C:\Program Files\Microsoft SQL Server\100\Tools\Binn\;C:\Program Files\Microsoft SQL Server\100\DTS\Binn\;C:\WINDOWS\system32;C:\WINDOWS;C:\WINDOWS\System32\Wbem;C:\WINDOWS\System32\WindowsPowerShell\v1.0\;C:\WINDOWS\System32\OpenSSH\;E:\Git\cmd;C:\Program Files\nodejs\;C:\Program Files (x86)\Microsoft SQL Server\150\Tools\Binn\;C:\Program Files\Microsoft SQL Server\150\Tools\Binn\;C:\Program Files\Microsoft SQL Server\150\DTS\Binn\;C:\Program Files (x86)\Microsoft SQL Server\150\DTS\Binn\;C:\Program Files\Azure Data Studio\bin;C:\Program Files\Common Files\Autodesk Shared\;C:\Program Files\Microsoft SQL Server\120\Tools\Binn\;C:\Program Files (x86)\Microsoft Emulator Manager\1.0\;C:\Program Files\dotnet\;C:\Users\Vladislav\AppData\Local\Programs\Python\Python39;C:\Users\Vladislav\AppData\Local\Programs\Python\Python39\Scripts;C:\Users\Владислав\AppData\Local\Programs\Python\Python38-32\Scripts\;C:\Users\Владислав\AppData\Local\Programs\Python\Python38-32\;%USERPROFILE%\AppData\Local\Microsoft\WindowsApps;%IntelliJ IDEA Community Edition%;C:\Users\Владислав\AppData\Local\Programs\Microsoft VS Code\bin;C:\Users\Владислав\AppData\Roaming\npm;C:\Program Files\Azure Data Studio\bin;C:\Program Files\heroku\bin;C:\Users\Владислав\yandex-cloud\bin;%USERPROFILE%\.dotnet\tools;C:\Users\Vladisla
USERNAME=Vladislav
OS=Windows_NT
PROCESSOR_IDENTIFIER=AMD64 Family 21 Model 2 Stepping 0, AuthenticAMD



---------------  S Y S T E M  ---------------

OS: Windows 10 , 64 bit Build 19041 (10.0.19041.1348)
OS uptime: 0 days 2:47 hours
Hyper-V role detected

CPU:total 8 (initial active 8) (8 cores per cpu, 1 threads per core) family 21 model 2 stepping 0 microcode 0x0, cmov, cx8, fxsr, mmx, sse, sse2, sse3, ssse3, sse4.1, sse4.2, popcnt, avx, aes, clmul, mmxext, 3dnowpref, lzcnt, sse4a, tsc, tscinvbit, tscinv, bmi1, fma

Memory: 4k page, system-wide physical 8149M (1756M free)
TotalPageFile size 8149M (AvailPageFile size 3M)
current process WorkingSet (physical memory assigned to process): 559M, peak: 559M
current process commit charge ("private bytes"): 592M, peak: 592M

vm_info: OpenJDK 64-Bit Server VM (11.0.10+0-b96-7249189) for windows-amd64 JRE (11.0.10+0-b96-7249189), built on Mar 31 2021 21:44:00 by "builder" with MS VC++ 14.0 (VS2015)

END.
